[3.354s] Invoking command in '/mnt/c/Users/zuriy/Documents/bwsi-uav-good/flying_squirrels_architecture/src/drone_sensing': PYTHONPATH=/mnt/c/Users/zuriy/Documents/bwsi-uav-good/flying_squirrels_architecture/build/drone_sensing/prefix_override:/home/zuri2102/.local/lib/python3.10/site-packages/colcon_core/task/python/colcon_distutils_commands:/mnt/c/Users/zuriy/Documents/bwsi-uav-good/flying_squirrels_architecture/install/drone_sensing/lib/python3.10/site-packages:${PYTHONPATH} /usr/bin/python3 -W ignore:setup.py install is deprecated setup.py egg_info --egg-base ../../build/drone_sensing build --build-base /mnt/c/Users/zuriy/Documents/bwsi-uav-good/flying_squirrels_architecture/build/drone_sensing/build install --record /mnt/c/Users/zuriy/Documents/bwsi-uav-good/flying_squirrels_architecture/build/drone_sensing/install.log --single-version-externally-managed install_data
[4.353s] running egg_info
[4.376s] writing ../../build/drone_sensing/drone_sensing.egg-info/PKG-INFO
[4.391s] writing dependency_links to ../../build/drone_sensing/drone_sensing.egg-info/dependency_links.txt
[4.395s] writing entry points to ../../build/drone_sensing/drone_sensing.egg-info/entry_points.txt
[4.399s] writing requirements to ../../build/drone_sensing/drone_sensing.egg-info/requires.txt
[4.402s] writing top-level names to ../../build/drone_sensing/drone_sensing.egg-info/top_level.txt
[4.641s] reading manifest file '../../build/drone_sensing/drone_sensing.egg-info/SOURCES.txt'
[4.693s] writing manifest file '../../build/drone_sensing/drone_sensing.egg-info/SOURCES.txt'
[4.699s] running build
[4.701s] running build_py
[4.716s] copying drone_sensing/downward_cam.py -> /mnt/c/Users/zuriy/Documents/bwsi-uav-good/flying_squirrels_architecture/build/drone_sensing/build/lib/drone_sensing
[4.749s] copying drone_sensing/stereo_cam.py -> /mnt/c/Users/zuriy/Documents/bwsi-uav-good/flying_squirrels_architecture/build/drone_sensing/build/lib/drone_sensing
[4.785s] copying drone_sensing/__init__.py -> /mnt/c/Users/zuriy/Documents/bwsi-uav-good/flying_squirrels_architecture/build/drone_sensing/build/lib/drone_sensing
[4.810s] running install
[4.813s] running install_lib
[4.883s] copying /mnt/c/Users/zuriy/Documents/bwsi-uav-good/flying_squirrels_architecture/build/drone_sensing/build/lib/drone_sensing/downward_cam.py -> /mnt/c/Users/zuriy/Documents/bwsi-uav-good/flying_squirrels_architecture/install/drone_sensing/lib/python3.10/site-packages/drone_sensing
[4.984s] byte-compiling /mnt/c/Users/zuriy/Documents/bwsi-uav-good/flying_squirrels_architecture/install/drone_sensing/lib/python3.10/site-packages/drone_sensing/downward_cam.py to downward_cam.cpython-310.pyc
[5.025s] byte-compiling /mnt/c/Users/zuriy/Documents/bwsi-uav-good/flying_squirrels_architecture/install/drone_sensing/lib/python3.10/site-packages/drone_sensing/stereo_cam.py to stereo_cam.cpython-310.pyc
[5.051s]   File "/mnt/c/Users/zuriy/Documents/bwsi-uav-good/flying_squirrels_architecture/install/drone_sensing/lib/python3.10/site-packages/drone_sensing/stereo_cam.py", line 93
[5.053s]     self.stereo_cam_pub = self.create_publisher( #TODO, #TODO, 10))  # message type, topic name, queue size
[5.054s]                                                ^
[5.056s] SyntaxError: '(' was never closed
[5.058s] 
[5.068s] running install_data
[5.087s] copying resource/drone_sensing -> /mnt/c/Users/zuriy/Documents/bwsi-uav-good/flying_squirrels_architecture/install/drone_sensing/share/ament_index/resource_index/packages
[5.123s] copying package.xml -> /mnt/c/Users/zuriy/Documents/bwsi-uav-good/flying_squirrels_architecture/install/drone_sensing/share/drone_sensing
[5.145s] running install_egg_info
[5.196s] removing '/mnt/c/Users/zuriy/Documents/bwsi-uav-good/flying_squirrels_architecture/install/drone_sensing/lib/python3.10/site-packages/drone_sensing-0.0.0-py3.10.egg-info' (and everything under it)
[5.272s] Copying ../../build/drone_sensing/drone_sensing.egg-info to /mnt/c/Users/zuriy/Documents/bwsi-uav-good/flying_squirrels_architecture/install/drone_sensing/lib/python3.10/site-packages/drone_sensing-0.0.0-py3.10.egg-info
[5.546s] running install_scripts
[5.632s] Installing dc_node script to /mnt/c/Users/zuriy/Documents/bwsi-uav-good/flying_squirrels_architecture/install/drone_sensing/lib/drone_sensing
[5.649s] Installing stereo_node script to /mnt/c/Users/zuriy/Documents/bwsi-uav-good/flying_squirrels_architecture/install/drone_sensing/lib/drone_sensing
[5.674s] writing list of installed files to '/mnt/c/Users/zuriy/Documents/bwsi-uav-good/flying_squirrels_architecture/build/drone_sensing/install.log'
[5.919s] Invoked command in '/mnt/c/Users/zuriy/Documents/bwsi-uav-good/flying_squirrels_architecture/src/drone_sensing' returned '0': PYTHONPATH=/mnt/c/Users/zuriy/Documents/bwsi-uav-good/flying_squirrels_architecture/build/drone_sensing/prefix_override:/home/zuri2102/.local/lib/python3.10/site-packages/colcon_core/task/python/colcon_distutils_commands:/mnt/c/Users/zuriy/Documents/bwsi-uav-good/flying_squirrels_architecture/install/drone_sensing/lib/python3.10/site-packages:${PYTHONPATH} /usr/bin/python3 -W ignore:setup.py install is deprecated setup.py egg_info --egg-base ../../build/drone_sensing build --build-base /mnt/c/Users/zuriy/Documents/bwsi-uav-good/flying_squirrels_architecture/build/drone_sensing/build install --record /mnt/c/Users/zuriy/Documents/bwsi-uav-good/flying_squirrels_architecture/build/drone_sensing/install.log --single-version-externally-managed install_data
