[4.590s] Invoking command in '/mnt/c/Users/zuriy/Documents/bwsi-uav-good/flying_squirrels_architecture/src/drone_control': PYTHONPATH=/mnt/c/Users/zuriy/Documents/bwsi-uav-good/flying_squirrels_architecture/build/drone_control/prefix_override:/home/zuri2102/.local/lib/python3.10/site-packages/colcon_core/task/python/colcon_distutils_commands:/mnt/c/Users/zuriy/Documents/bwsi-uav-good/flying_squirrels_architecture/install/drone_control/lib/python3.10/site-packages:${PYTHONPATH} /usr/bin/python3 -W ignore:setup.py install is deprecated setup.py egg_info --egg-base ../../build/drone_control build --build-base /mnt/c/Users/zuriy/Documents/bwsi-uav-good/flying_squirrels_architecture/build/drone_control/build install --record /mnt/c/Users/zuriy/Documents/bwsi-uav-good/flying_squirrels_architecture/build/drone_control/install.log --single-version-externally-managed install_data
[5.607s] running egg_info
[5.636s] writing ../../build/drone_control/drone_control.egg-info/PKG-INFO
[5.655s] writing dependency_links to ../../build/drone_control/drone_control.egg-info/dependency_links.txt
[5.661s] writing entry points to ../../build/drone_control/drone_control.egg-info/entry_points.txt
[5.667s] writing requirements to ../../build/drone_control/drone_control.egg-info/requires.txt
[5.671s] writing top-level names to ../../build/drone_control/drone_control.egg-info/top_level.txt
[5.958s] reading manifest file '../../build/drone_control/drone_control.egg-info/SOURCES.txt'
[6.027s] writing manifest file '../../build/drone_control/drone_control.egg-info/SOURCES.txt'
[6.030s] running build
[6.032s] running build_py
[6.047s] copying drone_control/open_loop_control.py -> /mnt/c/Users/zuriy/Documents/bwsi-uav-good/flying_squirrels_architecture/build/drone_control/build/lib/drone_control
[6.095s] copying drone_control/__init__.py -> /mnt/c/Users/zuriy/Documents/bwsi-uav-good/flying_squirrels_architecture/build/drone_control/build/lib/drone_control
[6.115s] running install
[6.118s] running install_lib
[6.219s] byte-compiling /mnt/c/Users/zuriy/Documents/bwsi-uav-good/flying_squirrels_architecture/install/drone_control/lib/python3.10/site-packages/drone_control/open_loop_control.py to open_loop_control.cpython-310.pyc
[6.239s]   File "/mnt/c/Users/zuriy/Documents/bwsi-uav-good/flying_squirrels_architecture/install/drone_control/lib/python3.10/site-packages/drone_control/open_loop_control.py", line 10
[6.245s]     self.subscription = self.create_subscription(#TODO, TODO, self.open_loop_callback, 10) # message type, topic name, callback function, queue size
[6.246s]                                                 ^
[6.247s] SyntaxError: '(' was never closed
[6.249s] 
[6.256s] running install_data
[6.273s] copying resource/drone_control -> /mnt/c/Users/zuriy/Documents/bwsi-uav-good/flying_squirrels_architecture/install/drone_control/share/ament_index/resource_index/packages
[6.303s] copying package.xml -> /mnt/c/Users/zuriy/Documents/bwsi-uav-good/flying_squirrels_architecture/install/drone_control/share/drone_control
[6.316s] running install_egg_info
[6.348s] removing '/mnt/c/Users/zuriy/Documents/bwsi-uav-good/flying_squirrels_architecture/install/drone_control/lib/python3.10/site-packages/drone_control-0.0.0-py3.10.egg-info' (and everything under it)
[6.411s] Copying ../../build/drone_control/drone_control.egg-info to /mnt/c/Users/zuriy/Documents/bwsi-uav-good/flying_squirrels_architecture/install/drone_control/lib/python3.10/site-packages/drone_control-0.0.0-py3.10.egg-info
[6.691s] running install_scripts
[6.789s] Installing open_loop_node script to /mnt/c/Users/zuriy/Documents/bwsi-uav-good/flying_squirrels_architecture/install/drone_control/lib/drone_control
[6.805s] writing list of installed files to '/mnt/c/Users/zuriy/Documents/bwsi-uav-good/flying_squirrels_architecture/build/drone_control/install.log'
[6.827s] Invoked command in '/mnt/c/Users/zuriy/Documents/bwsi-uav-good/flying_squirrels_architecture/src/drone_control' returned '0': PYTHONPATH=/mnt/c/Users/zuriy/Documents/bwsi-uav-good/flying_squirrels_architecture/build/drone_control/prefix_override:/home/zuri2102/.local/lib/python3.10/site-packages/colcon_core/task/python/colcon_distutils_commands:/mnt/c/Users/zuriy/Documents/bwsi-uav-good/flying_squirrels_architecture/install/drone_control/lib/python3.10/site-packages:${PYTHONPATH} /usr/bin/python3 -W ignore:setup.py install is deprecated setup.py egg_info --egg-base ../../build/drone_control build --build-base /mnt/c/Users/zuriy/Documents/bwsi-uav-good/flying_squirrels_architecture/build/drone_control/build install --record /mnt/c/Users/zuriy/Documents/bwsi-uav-good/flying_squirrels_architecture/build/drone_control/install.log --single-version-externally-managed install_data
