[0.503s] DEBUG:colcon:Command line arguments: ['/home/zuri2102/.local/bin/colcon', 'build']
[0.503s] DEBUG:colcon:Parsed command line arguments: Namespace(log_base=None, log_level=None, verb_name='build', build_base='build', install_base='install', merge_install=False, symlink_install=False, test_result_base=None, continue_on_error=False, executor='parallel', parallel_workers=8, event_handlers=None, ignore_user_meta=False, metas=['./colcon.meta'], base_paths=['.'], packages_ignore=None, packages_ignore_regex=None, paths=None, packages_up_to=None, packages_up_to_regex=None, packages_above=None, packages_above_and_dependencies=None, packages_above_depth=None, packages_select_by_dep=None, packages_skip_by_dep=None, packages_skip_up_to=None, packages_select_build_failed=False, packages_skip_build_finished=False, packages_select_test_failures=False, packages_skip_test_passed=False, packages_select=None, packages_skip=None, packages_select_regex=None, packages_skip_regex=None, packages_start=None, packages_end=None, cmake_args=None, cmake_target=None, cmake_target_skip_unavailable=False, cmake_clean_cache=False, cmake_clean_first=False, cmake_force_configure=False, ament_cmake_args=None, catkin_cmake_args=None, catkin_skip_building_tests=False, verb_parser=<colcon_defaults.argument_parser.defaults.DefaultArgumentsDecorator object at 0x7e574fe24280>, verb_extension=<colcon_core.verb.build.BuildVerb object at 0x7e574ffe7ca0>, main=<bound method BuildVerb.main of <colcon_core.verb.build.BuildVerb object at 0x7e574ffe7ca0>>)
[0.630s] Level 1:colcon.colcon_core.package_discovery:discover_packages(colcon_meta) check parameters
[0.631s] Level 1:colcon.colcon_core.package_discovery:discover_packages(recursive) check parameters
[0.631s] Level 1:colcon.colcon_core.package_discovery:discover_packages(ignore) check parameters
[0.631s] Level 1:colcon.colcon_core.package_discovery:discover_packages(path) check parameters
[0.631s] Level 1:colcon.colcon_core.package_discovery:discover_packages(colcon_meta) discover
[0.632s] Level 1:colcon.colcon_core.package_discovery:discover_packages(recursive) discover
[0.632s] INFO:colcon.colcon_core.package_discovery:Crawling recursively for packages in '/home/zuri2102/sharedDocuments/bwsi-uav-good/flying_squirrels_architecture'
[0.633s] Level 1:colcon.colcon_core.package_identification:_identify(.) by extensions ['ignore', 'ignore_ament_install']
[0.633s] Level 1:colcon.colcon_core.package_identification:_identify(.) by extension 'ignore'
[0.634s] Level 1:colcon.colcon_core.package_identification:_identify(.) by extension 'ignore_ament_install'
[0.634s] Level 1:colcon.colcon_core.package_identification:_identify(.) by extensions ['colcon_pkg']
[0.634s] Level 1:colcon.colcon_core.package_identification:_identify(.) by extension 'colcon_pkg'
[0.635s] Level 1:colcon.colcon_core.package_identification:_identify(.) by extensions ['colcon_meta']
[0.635s] Level 1:colcon.colcon_core.package_identification:_identify(.) by extension 'colcon_meta'
[0.635s] Level 1:colcon.colcon_core.package_identification:_identify(.) by extensions ['ros']
[0.635s] Level 1:colcon.colcon_core.package_identification:_identify(.) by extension 'ros'
[0.656s] Level 1:colcon.colcon_core.package_identification:_identify(.) by extensions ['cmake', 'python']
[0.656s] Level 1:colcon.colcon_core.package_identification:_identify(.) by extension 'cmake'
[0.657s] Level 1:colcon.colcon_core.package_identification:_identify(.) by extension 'python'
[0.658s] Level 1:colcon.colcon_core.package_identification:_identify(.) by extensions ['python_setup_py']
[0.658s] Level 1:colcon.colcon_core.package_identification:_identify(.) by extension 'python_setup_py'
[0.660s] Level 1:colcon.colcon_core.package_identification:_identify(build) by extensions ['ignore', 'ignore_ament_install']
[0.661s] Level 1:colcon.colcon_core.package_identification:_identify(build) by extension 'ignore'
[0.661s] Level 1:colcon.colcon_core.package_identification:_identify(build) ignored
[0.663s] Level 1:colcon.colcon_core.package_identification:_identify(install) by extensions ['ignore', 'ignore_ament_install']
[0.663s] Level 1:colcon.colcon_core.package_identification:_identify(install) by extension 'ignore'
[0.664s] Level 1:colcon.colcon_core.package_identification:_identify(install) ignored
[0.666s] Level 1:colcon.colcon_core.package_identification:_identify(log) by extensions ['ignore', 'ignore_ament_install']
[0.666s] Level 1:colcon.colcon_core.package_identification:_identify(log) by extension 'ignore'
[0.666s] Level 1:colcon.colcon_core.package_identification:_identify(log) ignored
[0.668s] Level 1:colcon.colcon_core.package_identification:_identify(src) by extensions ['ignore', 'ignore_ament_install']
[0.668s] Level 1:colcon.colcon_core.package_identification:_identify(src) by extension 'ignore'
[0.669s] Level 1:colcon.colcon_core.package_identification:_identify(src) by extension 'ignore_ament_install'
[0.670s] Level 1:colcon.colcon_core.package_identification:_identify(src) by extensions ['colcon_pkg']
[0.670s] Level 1:colcon.colcon_core.package_identification:_identify(src) by extension 'colcon_pkg'
[0.671s] Level 1:colcon.colcon_core.package_identification:_identify(src) by extensions ['colcon_meta']
[0.671s] Level 1:colcon.colcon_core.package_identification:_identify(src) by extension 'colcon_meta'
[0.671s] Level 1:colcon.colcon_core.package_identification:_identify(src) by extensions ['ros']
[0.671s] Level 1:colcon.colcon_core.package_identification:_identify(src) by extension 'ros'
[0.673s] Level 1:colcon.colcon_core.package_identification:_identify(src) by extensions ['cmake', 'python']
[0.673s] Level 1:colcon.colcon_core.package_identification:_identify(src) by extension 'cmake'
[0.674s] Level 1:colcon.colcon_core.package_identification:_identify(src) by extension 'python'
[0.674s] Level 1:colcon.colcon_core.package_identification:_identify(src) by extensions ['python_setup_py']
[0.675s] Level 1:colcon.colcon_core.package_identification:_identify(src) by extension 'python_setup_py'
[0.677s] Level 1:colcon.colcon_core.package_identification:_identify(src/drone_control) by extensions ['ignore', 'ignore_ament_install']
[0.677s] Level 1:colcon.colcon_core.package_identification:_identify(src/drone_control) by extension 'ignore'
[0.678s] Level 1:colcon.colcon_core.package_identification:_identify(src/drone_control) by extension 'ignore_ament_install'
[0.679s] Level 1:colcon.colcon_core.package_identification:_identify(src/drone_control) by extensions ['colcon_pkg']
[0.680s] Level 1:colcon.colcon_core.package_identification:_identify(src/drone_control) by extension 'colcon_pkg'
[0.680s] Level 1:colcon.colcon_core.package_identification:_identify(src/drone_control) by extensions ['colcon_meta']
[0.681s] Level 1:colcon.colcon_core.package_identification:_identify(src/drone_control) by extension 'colcon_meta'
[0.682s] Level 1:colcon.colcon_core.package_identification:_identify(src/drone_control) by extensions ['ros']
[0.682s] Level 1:colcon.colcon_core.package_identification:_identify(src/drone_control) by extension 'ros'
[0.692s] DEBUG:colcon.colcon_core.package_identification:Package 'src/drone_control' with type 'ros.ament_python' and name 'drone_control'
[0.694s] Level 1:colcon.colcon_core.package_identification:_identify(src/drone_sensing) by extensions ['ignore', 'ignore_ament_install']
[0.695s] Level 1:colcon.colcon_core.package_identification:_identify(src/drone_sensing) by extension 'ignore'
[0.695s] Level 1:colcon.colcon_core.package_identification:_identify(src/drone_sensing) by extension 'ignore_ament_install'
[0.697s] Level 1:colcon.colcon_core.package_identification:_identify(src/drone_sensing) by extensions ['colcon_pkg']
[0.697s] Level 1:colcon.colcon_core.package_identification:_identify(src/drone_sensing) by extension 'colcon_pkg'
[0.698s] Level 1:colcon.colcon_core.package_identification:_identify(src/drone_sensing) by extensions ['colcon_meta']
[0.698s] Level 1:colcon.colcon_core.package_identification:_identify(src/drone_sensing) by extension 'colcon_meta'
[0.699s] Level 1:colcon.colcon_core.package_identification:_identify(src/drone_sensing) by extensions ['ros']
[0.700s] Level 1:colcon.colcon_core.package_identification:_identify(src/drone_sensing) by extension 'ros'
[0.706s] DEBUG:colcon.colcon_core.package_identification:Package 'src/drone_sensing' with type 'ros.ament_python' and name 'drone_sensing'
[0.707s] Level 1:colcon.colcon_core.package_discovery:discover_packages(recursive) using defaults
[0.707s] Level 1:colcon.colcon_core.package_discovery:discover_packages(ignore) discover
[0.707s] Level 1:colcon.colcon_core.package_discovery:discover_packages(ignore) using defaults
[0.707s] Level 1:colcon.colcon_core.package_discovery:discover_packages(path) discover
[0.707s] Level 1:colcon.colcon_core.package_discovery:discover_packages(path) using defaults
[0.790s] Level 5:colcon.colcon_core.verb:set package 'drone_control' build argument 'cmake_args' from command line to 'None'
[0.790s] Level 5:colcon.colcon_core.verb:set package 'drone_control' build argument 'cmake_target' from command line to 'None'
[0.791s] Level 5:colcon.colcon_core.verb:set package 'drone_control' build argument 'cmake_target_skip_unavailable' from command line to 'False'
[0.791s] Level 5:colcon.colcon_core.verb:set package 'drone_control' build argument 'cmake_clean_cache' from command line to 'False'
[0.791s] Level 5:colcon.colcon_core.verb:set package 'drone_control' build argument 'cmake_clean_first' from command line to 'False'
[0.791s] Level 5:colcon.colcon_core.verb:set package 'drone_control' build argument 'cmake_force_configure' from command line to 'False'
[0.792s] Level 5:colcon.colcon_core.verb:set package 'drone_control' build argument 'ament_cmake_args' from command line to 'None'
[0.792s] Level 5:colcon.colcon_core.verb:set package 'drone_control' build argument 'catkin_cmake_args' from command line to 'None'
[0.792s] Level 5:colcon.colcon_core.verb:set package 'drone_control' build argument 'catkin_skip_building_tests' from command line to 'False'
[0.792s] DEBUG:colcon.colcon_core.verb:Building package 'drone_control' with the following arguments: {'ament_cmake_args': None, 'build_base': '/home/zuri2102/sharedDocuments/bwsi-uav-good/flying_squirrels_architecture/build/drone_control', 'catkin_cmake_args': None, 'catkin_skip_building_tests': False, 'cmake_args': None, 'cmake_clean_cache': False, 'cmake_clean_first': False, 'cmake_force_configure': False, 'cmake_target': None, 'cmake_target_skip_unavailable': False, 'install_base': '/home/zuri2102/sharedDocuments/bwsi-uav-good/flying_squirrels_architecture/install/drone_control', 'merge_install': False, 'path': '/home/zuri2102/sharedDocuments/bwsi-uav-good/flying_squirrels_architecture/src/drone_control', 'symlink_install': False, 'test_result_base': None}
[0.792s] Level 5:colcon.colcon_core.verb:set package 'drone_sensing' build argument 'cmake_args' from command line to 'None'
[0.792s] Level 5:colcon.colcon_core.verb:set package 'drone_sensing' build argument 'cmake_target' from command line to 'None'
[0.792s] Level 5:colcon.colcon_core.verb:set package 'drone_sensing' build argument 'cmake_target_skip_unavailable' from command line to 'False'
[0.793s] Level 5:colcon.colcon_core.verb:set package 'drone_sensing' build argument 'cmake_clean_cache' from command line to 'False'
[0.793s] Level 5:colcon.colcon_core.verb:set package 'drone_sensing' build argument 'cmake_clean_first' from command line to 'False'
[0.793s] Level 5:colcon.colcon_core.verb:set package 'drone_sensing' build argument 'cmake_force_configure' from command line to 'False'
[0.793s] Level 5:colcon.colcon_core.verb:set package 'drone_sensing' build argument 'ament_cmake_args' from command line to 'None'
[0.793s] Level 5:colcon.colcon_core.verb:set package 'drone_sensing' build argument 'catkin_cmake_args' from command line to 'None'
[0.794s] Level 5:colcon.colcon_core.verb:set package 'drone_sensing' build argument 'catkin_skip_building_tests' from command line to 'False'
[0.794s] DEBUG:colcon.colcon_core.verb:Building package 'drone_sensing' with the following arguments: {'ament_cmake_args': None, 'build_base': '/home/zuri2102/sharedDocuments/bwsi-uav-good/flying_squirrels_architecture/build/drone_sensing', 'catkin_cmake_args': None, 'catkin_skip_building_tests': False, 'cmake_args': None, 'cmake_clean_cache': False, 'cmake_clean_first': False, 'cmake_force_configure': False, 'cmake_target': None, 'cmake_target_skip_unavailable': False, 'install_base': '/home/zuri2102/sharedDocuments/bwsi-uav-good/flying_squirrels_architecture/install/drone_sensing', 'merge_install': False, 'path': '/home/zuri2102/sharedDocuments/bwsi-uav-good/flying_squirrels_architecture/src/drone_sensing', 'symlink_install': False, 'test_result_base': None}
[0.794s] INFO:colcon.colcon_core.executor:Executing jobs using 'parallel' executor
[0.796s] DEBUG:colcon.colcon_parallel_executor.executor.parallel:run_until_complete
[0.797s] INFO:colcon.colcon_ros.task.ament_python.build:Building ROS package in '/home/zuri2102/sharedDocuments/bwsi-uav-good/flying_squirrels_architecture/src/drone_control' with build type 'ament_python'
[0.797s] Level 1:colcon.colcon_core.shell:create_environment_hook('drone_control', 'ament_prefix_path')
[0.821s] INFO:colcon.colcon_core.plugin_system:Skipping extension 'colcon_core.shell.bat': Not used on non-Windows systems
[0.832s] INFO:colcon.colcon_core.shell:Creating environment hook '/home/zuri2102/sharedDocuments/bwsi-uav-good/flying_squirrels_architecture/install/drone_control/share/drone_control/hook/ament_prefix_path.ps1'
[0.873s] INFO:colcon.colcon_core.shell:Creating environment descriptor '/home/zuri2102/sharedDocuments/bwsi-uav-good/flying_squirrels_architecture/install/drone_control/share/drone_control/hook/ament_prefix_path.dsv'
[0.884s] INFO:colcon.colcon_core.shell:Creating environment hook '/home/zuri2102/sharedDocuments/bwsi-uav-good/flying_squirrels_architecture/install/drone_control/share/drone_control/hook/ament_prefix_path.sh'
[0.898s] INFO:colcon.colcon_core.shell:Skip shell extension 'powershell' for command environment: Not usable outside of PowerShell
[0.898s] DEBUG:colcon.colcon_core.shell:Skip shell extension 'dsv' for command environment
[1.019s] INFO:colcon.colcon_ros.task.ament_python.build:Building ROS package in '/home/zuri2102/sharedDocuments/bwsi-uav-good/flying_squirrels_architecture/src/drone_sensing' with build type 'ament_python'
[1.020s] Level 1:colcon.colcon_core.shell:create_environment_hook('drone_sensing', 'ament_prefix_path')
[1.021s] INFO:colcon.colcon_core.shell:Creating environment hook '/home/zuri2102/sharedDocuments/bwsi-uav-good/flying_squirrels_architecture/install/drone_sensing/share/drone_sensing/hook/ament_prefix_path.ps1'
[1.057s] INFO:colcon.colcon_core.shell:Creating environment descriptor '/home/zuri2102/sharedDocuments/bwsi-uav-good/flying_squirrels_architecture/install/drone_sensing/share/drone_sensing/hook/ament_prefix_path.dsv'
[1.066s] INFO:colcon.colcon_core.shell:Creating environment hook '/home/zuri2102/sharedDocuments/bwsi-uav-good/flying_squirrels_architecture/install/drone_sensing/share/drone_sensing/hook/ament_prefix_path.sh'
[1.076s] INFO:colcon.colcon_core.shell:Skip shell extension 'powershell' for command environment: Not usable outside of PowerShell
[1.076s] DEBUG:colcon.colcon_core.shell:Skip shell extension 'dsv' for command environment
[1.922s] INFO:colcon.colcon_core.task.python.build:Building Python package in '/home/zuri2102/sharedDocuments/bwsi-uav-good/flying_squirrels_architecture/src/drone_control'
[1.923s] INFO:colcon.colcon_core.shell:Skip shell extension 'powershell' for command environment: Not usable outside of PowerShell
[1.924s] DEBUG:colcon.colcon_core.shell:Skip shell extension 'dsv' for command environment
[2.707s] INFO:colcon.colcon_core.task.python.build:Building Python package in '/home/zuri2102/sharedDocuments/bwsi-uav-good/flying_squirrels_architecture/src/drone_sensing'
[2.708s] INFO:colcon.colcon_core.shell:Skip shell extension 'powershell' for command environment: Not usable outside of PowerShell
[2.709s] DEBUG:colcon.colcon_core.shell:Skip shell extension 'dsv' for command environment
[6.394s] DEBUG:colcon.colcon_core.event_handler.log_command:Invoking command in '/home/zuri2102/sharedDocuments/bwsi-uav-good/flying_squirrels_architecture/src/drone_control': PYTHONPATH=/home/zuri2102/sharedDocuments/bwsi-uav-good/flying_squirrels_architecture/build/drone_control/prefix_override:/home/zuri2102/.local/lib/python3.10/site-packages/colcon_core/task/python/colcon_distutils_commands:/home/zuri2102/sharedDocuments/bwsi-uav-good/flying_squirrels_architecture/install/drone_control/lib/python3.10/site-packages:${PYTHONPATH} /usr/bin/python3 -W ignore:setup.py install is deprecated setup.py egg_info --egg-base ../../build/drone_control build --build-base /home/zuri2102/sharedDocuments/bwsi-uav-good/flying_squirrels_architecture/build/drone_control/build install --record /home/zuri2102/sharedDocuments/bwsi-uav-good/flying_squirrels_architecture/build/drone_control/install.log --single-version-externally-managed install_data
[6.464s] DEBUG:colcon.colcon_core.event_handler.log_command:Invoking command in '/home/zuri2102/sharedDocuments/bwsi-uav-good/flying_squirrels_architecture/src/drone_sensing': PYTHONPATH=/home/zuri2102/sharedDocuments/bwsi-uav-good/flying_squirrels_architecture/build/drone_sensing/prefix_override:/home/zuri2102/.local/lib/python3.10/site-packages/colcon_core/task/python/colcon_distutils_commands:/home/zuri2102/sharedDocuments/bwsi-uav-good/flying_squirrels_architecture/install/drone_sensing/lib/python3.10/site-packages:${PYTHONPATH} /usr/bin/python3 -W ignore:setup.py install is deprecated setup.py egg_info --egg-base ../../build/drone_sensing build --build-base /home/zuri2102/sharedDocuments/bwsi-uav-good/flying_squirrels_architecture/build/drone_sensing/build install --record /home/zuri2102/sharedDocuments/bwsi-uav-good/flying_squirrels_architecture/build/drone_sensing/install.log --single-version-externally-managed install_data
[10.988s] DEBUG:colcon.colcon_core.event_handler.log_command:Invoked command in '/home/zuri2102/sharedDocuments/bwsi-uav-good/flying_squirrels_architecture/src/drone_control' returned '0': PYTHONPATH=/home/zuri2102/sharedDocuments/bwsi-uav-good/flying_squirrels_architecture/build/drone_control/prefix_override:/home/zuri2102/.local/lib/python3.10/site-packages/colcon_core/task/python/colcon_distutils_commands:/home/zuri2102/sharedDocuments/bwsi-uav-good/flying_squirrels_architecture/install/drone_control/lib/python3.10/site-packages:${PYTHONPATH} /usr/bin/python3 -W ignore:setup.py install is deprecated setup.py egg_info --egg-base ../../build/drone_control build --build-base /home/zuri2102/sharedDocuments/bwsi-uav-good/flying_squirrels_architecture/build/drone_control/build install --record /home/zuri2102/sharedDocuments/bwsi-uav-good/flying_squirrels_architecture/build/drone_control/install.log --single-version-externally-managed install_data
[11.018s] Level 1:colcon.colcon_core.environment:checking '/home/zuri2102/sharedDocuments/bwsi-uav-good/flying_squirrels_architecture/install/drone_control' for CMake module files
[11.109s] Level 1:colcon.colcon_core.environment:checking '/home/zuri2102/sharedDocuments/bwsi-uav-good/flying_squirrels_architecture/install/drone_control' for CMake config files
[11.185s] Level 1:colcon.colcon_core.environment:checking '/home/zuri2102/sharedDocuments/bwsi-uav-good/flying_squirrels_architecture/install/drone_control/lib'
[11.188s] Level 1:colcon.colcon_core.environment:checking '/home/zuri2102/sharedDocuments/bwsi-uav-good/flying_squirrels_architecture/install/drone_control/bin'
[11.189s] Level 1:colcon.colcon_core.environment:checking '/home/zuri2102/sharedDocuments/bwsi-uav-good/flying_squirrels_architecture/install/drone_control/lib/pkgconfig/drone_control.pc'
[11.190s] Level 1:colcon.colcon_core.environment:checking '/home/zuri2102/sharedDocuments/bwsi-uav-good/flying_squirrels_architecture/install/drone_control/lib/python3.10/site-packages'
[11.192s] Level 1:colcon.colcon_core.shell:create_environment_hook('drone_control', 'pythonpath')
[11.192s] INFO:colcon.colcon_core.shell:Creating environment hook '/home/zuri2102/sharedDocuments/bwsi-uav-good/flying_squirrels_architecture/install/drone_control/share/drone_control/hook/pythonpath.ps1'
[11.201s] INFO:colcon.colcon_core.shell:Creating environment descriptor '/home/zuri2102/sharedDocuments/bwsi-uav-good/flying_squirrels_architecture/install/drone_control/share/drone_control/hook/pythonpath.dsv'
[11.210s] INFO:colcon.colcon_core.shell:Creating environment hook '/home/zuri2102/sharedDocuments/bwsi-uav-good/flying_squirrels_architecture/install/drone_control/share/drone_control/hook/pythonpath.sh'
[11.219s] Level 1:colcon.colcon_core.environment:checking '/home/zuri2102/sharedDocuments/bwsi-uav-good/flying_squirrels_architecture/install/drone_control/bin'
[11.220s] Level 1:colcon.colcon_core.environment:create_environment_scripts_only(drone_control)
[11.221s] INFO:colcon.colcon_core.shell:Creating package script '/home/zuri2102/sharedDocuments/bwsi-uav-good/flying_squirrels_architecture/install/drone_control/share/drone_control/package.ps1'
[11.229s] INFO:colcon.colcon_core.shell:Creating package descriptor '/home/zuri2102/sharedDocuments/bwsi-uav-good/flying_squirrels_architecture/install/drone_control/share/drone_control/package.dsv'
[11.238s] INFO:colcon.colcon_core.shell:Creating package script '/home/zuri2102/sharedDocuments/bwsi-uav-good/flying_squirrels_architecture/install/drone_control/share/drone_control/package.sh'
[11.248s] INFO:colcon.colcon_core.shell:Creating package script '/home/zuri2102/sharedDocuments/bwsi-uav-good/flying_squirrels_architecture/install/drone_control/share/drone_control/package.bash'
[11.256s] INFO:colcon.colcon_core.shell:Creating package script '/home/zuri2102/sharedDocuments/bwsi-uav-good/flying_squirrels_architecture/install/drone_control/share/drone_control/package.zsh'
[11.264s] Level 1:colcon.colcon_core.environment:create_file_with_runtime_dependencies(/home/zuri2102/sharedDocuments/bwsi-uav-good/flying_squirrels_architecture/install/drone_control/share/colcon-core/packages/drone_control)
[11.271s] Level 1:colcon.colcon_core.environment:checking '/home/zuri2102/sharedDocuments/bwsi-uav-good/flying_squirrels_architecture/install/drone_sensing' for CMake module files
[11.283s] DEBUG:colcon.colcon_core.event_handler.log_command:Invoked command in '/home/zuri2102/sharedDocuments/bwsi-uav-good/flying_squirrels_architecture/src/drone_sensing' returned '0': PYTHONPATH=/home/zuri2102/sharedDocuments/bwsi-uav-good/flying_squirrels_architecture/build/drone_sensing/prefix_override:/home/zuri2102/.local/lib/python3.10/site-packages/colcon_core/task/python/colcon_distutils_commands:/home/zuri2102/sharedDocuments/bwsi-uav-good/flying_squirrels_architecture/install/drone_sensing/lib/python3.10/site-packages:${PYTHONPATH} /usr/bin/python3 -W ignore:setup.py install is deprecated setup.py egg_info --egg-base ../../build/drone_sensing build --build-base /home/zuri2102/sharedDocuments/bwsi-uav-good/flying_squirrels_architecture/build/drone_sensing/build install --record /home/zuri2102/sharedDocuments/bwsi-uav-good/flying_squirrels_architecture/build/drone_sensing/install.log --single-version-externally-managed install_data
[11.313s] Level 1:colcon.colcon_core.environment:checking '/home/zuri2102/sharedDocuments/bwsi-uav-good/flying_squirrels_architecture/install/drone_sensing' for CMake config files
[11.363s] Level 1:colcon.colcon_core.environment:checking '/home/zuri2102/sharedDocuments/bwsi-uav-good/flying_squirrels_architecture/install/drone_sensing/lib'
[11.366s] Level 1:colcon.colcon_core.environment:checking '/home/zuri2102/sharedDocuments/bwsi-uav-good/flying_squirrels_architecture/install/drone_sensing/bin'
[11.367s] Level 1:colcon.colcon_core.environment:checking '/home/zuri2102/sharedDocuments/bwsi-uav-good/flying_squirrels_architecture/install/drone_sensing/lib/pkgconfig/drone_sensing.pc'
[11.368s] Level 1:colcon.colcon_core.environment:checking '/home/zuri2102/sharedDocuments/bwsi-uav-good/flying_squirrels_architecture/install/drone_sensing/lib/python3.10/site-packages'
[11.370s] Level 1:colcon.colcon_core.shell:create_environment_hook('drone_sensing', 'pythonpath')
[11.370s] INFO:colcon.colcon_core.shell:Creating environment hook '/home/zuri2102/sharedDocuments/bwsi-uav-good/flying_squirrels_architecture/install/drone_sensing/share/drone_sensing/hook/pythonpath.ps1'
[11.379s] INFO:colcon.colcon_core.shell:Creating environment descriptor '/home/zuri2102/sharedDocuments/bwsi-uav-good/flying_squirrels_architecture/install/drone_sensing/share/drone_sensing/hook/pythonpath.dsv'
[11.387s] INFO:colcon.colcon_core.shell:Creating environment hook '/home/zuri2102/sharedDocuments/bwsi-uav-good/flying_squirrels_architecture/install/drone_sensing/share/drone_sensing/hook/pythonpath.sh'
[11.395s] Level 1:colcon.colcon_core.environment:checking '/home/zuri2102/sharedDocuments/bwsi-uav-good/flying_squirrels_architecture/install/drone_sensing/bin'
[11.396s] Level 1:colcon.colcon_core.environment:create_environment_scripts_only(drone_sensing)
[11.396s] INFO:colcon.colcon_core.shell:Creating package script '/home/zuri2102/sharedDocuments/bwsi-uav-good/flying_squirrels_architecture/install/drone_sensing/share/drone_sensing/package.ps1'
[11.403s] INFO:colcon.colcon_core.shell:Creating package descriptor '/home/zuri2102/sharedDocuments/bwsi-uav-good/flying_squirrels_architecture/install/drone_sensing/share/drone_sensing/package.dsv'
[11.445s] INFO:colcon.colcon_core.shell:Creating package script '/home/zuri2102/sharedDocuments/bwsi-uav-good/flying_squirrels_architecture/install/drone_sensing/share/drone_sensing/package.sh'
[11.480s] INFO:colcon.colcon_core.shell:Creating package script '/home/zuri2102/sharedDocuments/bwsi-uav-good/flying_squirrels_architecture/install/drone_sensing/share/drone_sensing/package.bash'
[11.492s] INFO:colcon.colcon_core.shell:Creating package script '/home/zuri2102/sharedDocuments/bwsi-uav-good/flying_squirrels_architecture/install/drone_sensing/share/drone_sensing/package.zsh'
[11.501s] Level 1:colcon.colcon_core.environment:create_file_with_runtime_dependencies(/home/zuri2102/sharedDocuments/bwsi-uav-good/flying_squirrels_architecture/install/drone_sensing/share/colcon-core/packages/drone_sensing)
[11.510s] DEBUG:colcon.colcon_parallel_executor.executor.parallel:closing loop
[11.510s] DEBUG:colcon.colcon_parallel_executor.executor.parallel:loop closed
[11.511s] DEBUG:colcon.colcon_parallel_executor.executor.parallel:run_until_complete finished with '0'
[11.512s] DEBUG:colcon.colcon_core.event_reactor:joining thread
[11.605s] INFO:colcon.colcon_core.plugin_system:Skipping extension 'colcon_notification.desktop_notification.terminal_notifier': Not used on non-Darwin systems
[11.606s] INFO:colcon.colcon_core.plugin_system:Skipping extension 'colcon_notification.desktop_notification.win32': Not used on non-Windows systems
[11.606s] INFO:colcon.colcon_notification.desktop_notification:Sending desktop notification using 'notify2'
[11.629s] DEBUG:colcon.colcon_core.event_reactor:joined thread
[11.630s] INFO:colcon.colcon_core.shell:Creating prefix script '/home/zuri2102/sharedDocuments/bwsi-uav-good/flying_squirrels_architecture/install/local_setup.ps1'
[11.659s] INFO:colcon.colcon_core.shell:Creating prefix util module '/home/zuri2102/sharedDocuments/bwsi-uav-good/flying_squirrels_architecture/install/_local_setup_util_ps1.py'
[11.681s] INFO:colcon.colcon_core.shell:Creating prefix chain script '/home/zuri2102/sharedDocuments/bwsi-uav-good/flying_squirrels_architecture/install/setup.ps1'
[11.709s] INFO:colcon.colcon_core.shell:Creating prefix script '/home/zuri2102/sharedDocuments/bwsi-uav-good/flying_squirrels_architecture/install/local_setup.sh'
[11.719s] INFO:colcon.colcon_core.shell:Creating prefix util module '/home/zuri2102/sharedDocuments/bwsi-uav-good/flying_squirrels_architecture/install/_local_setup_util_sh.py'
[11.735s] INFO:colcon.colcon_core.shell:Creating prefix chain script '/home/zuri2102/sharedDocuments/bwsi-uav-good/flying_squirrels_architecture/install/setup.sh'
[11.787s] INFO:colcon.colcon_core.shell:Creating prefix script '/home/zuri2102/sharedDocuments/bwsi-uav-good/flying_squirrels_architecture/install/local_setup.bash'
[11.797s] INFO:colcon.colcon_core.shell:Creating prefix chain script '/home/zuri2102/sharedDocuments/bwsi-uav-good/flying_squirrels_architecture/install/setup.bash'
[11.844s] INFO:colcon.colcon_core.shell:Creating prefix script '/home/zuri2102/sharedDocuments/bwsi-uav-good/flying_squirrels_architecture/install/local_setup.zsh'
[11.852s] INFO:colcon.colcon_core.shell:Creating prefix chain script '/home/zuri2102/sharedDocuments/bwsi-uav-good/flying_squirrels_architecture/install/setup.zsh'
