[2.928s] Invoking command in '/mnt/c/Users/zuriy/Documents/bwsi-uav-good/flying_squirrels_architecture/src/drone_control': PYTHONPATH=/mnt/c/Users/zuriy/Documents/bwsi-uav-good/flying_squirrels_architecture/build/drone_control/prefix_override:/home/zuri2102/.local/lib/python3.10/site-packages/colcon_core/task/python/colcon_distutils_commands:/mnt/c/Users/zuriy/Documents/bwsi-uav-good/flying_squirrels_architecture/install/drone_control/lib/python3.10/site-packages:${PYTHONPATH} /usr/bin/python3 -W ignore:setup.py install is deprecated setup.py egg_info --egg-base ../../build/drone_control build --build-base /mnt/c/Users/zuriy/Documents/bwsi-uav-good/flying_squirrels_architecture/build/drone_control/build install --record /mnt/c/Users/zuriy/Documents/bwsi-uav-good/flying_squirrels_architecture/build/drone_control/install.log --single-version-externally-managed install_data
[4.019s] running egg_info
[4.048s] writing ../../build/drone_control/drone_control.egg-info/PKG-INFO
[4.072s] writing dependency_links to ../../build/drone_control/drone_control.egg-info/dependency_links.txt
[4.082s] writing requirements to ../../build/drone_control/drone_control.egg-info/requires.txt
[4.087s] writing top-level names to ../../build/drone_control/drone_control.egg-info/top_level.txt
[4.209s] reading manifest file '../../build/drone_control/drone_control.egg-info/SOURCES.txt'
[4.288s] writing manifest file '../../build/drone_control/drone_control.egg-info/SOURCES.txt'
[4.293s] running build
[4.295s] running build_py
[4.315s] copying drone_control/__init__.py -> /mnt/c/Users/zuriy/Documents/bwsi-uav-good/flying_squirrels_architecture/build/drone_control/build/lib/drone_control
[4.343s] running install
[4.348s] running install_lib
[4.503s] running install_data
[4.526s] copying resource/drone_control -> /mnt/c/Users/zuriy/Documents/bwsi-uav-good/flying_squirrels_architecture/install/drone_control/share/ament_index/resource_index/packages
[4.556s] copying package.xml -> /mnt/c/Users/zuriy/Documents/bwsi-uav-good/flying_squirrels_architecture/install/drone_control/share/drone_control
[4.575s] running install_egg_info
[4.628s] removing '/mnt/c/Users/zuriy/Documents/bwsi-uav-good/flying_squirrels_architecture/install/drone_control/lib/python3.10/site-packages/drone_control-0.0.0-py3.10.egg-info' (and everything under it)
[4.706s] Copying ../../build/drone_control/drone_control.egg-info to /mnt/c/Users/zuriy/Documents/bwsi-uav-good/flying_squirrels_architecture/install/drone_control/lib/python3.10/site-packages/drone_control-0.0.0-py3.10.egg-info
[5.058s] running install_scripts
[5.408s] writing list of installed files to '/mnt/c/Users/zuriy/Documents/bwsi-uav-good/flying_squirrels_architecture/build/drone_control/install.log'
[5.690s] Invoked command in '/mnt/c/Users/zuriy/Documents/bwsi-uav-good/flying_squirrels_architecture/src/drone_control' returned '0': PYTHONPATH=/mnt/c/Users/zuriy/Documents/bwsi-uav-good/flying_squirrels_architecture/build/drone_control/prefix_override:/home/zuri2102/.local/lib/python3.10/site-packages/colcon_core/task/python/colcon_distutils_commands:/mnt/c/Users/zuriy/Documents/bwsi-uav-good/flying_squirrels_architecture/install/drone_control/lib/python3.10/site-packages:${PYTHONPATH} /usr/bin/python3 -W ignore:setup.py install is deprecated setup.py egg_info --egg-base ../../build/drone_control build --build-base /mnt/c/Users/zuriy/Documents/bwsi-uav-good/flying_squirrels_architecture/build/drone_control/build install --record /mnt/c/Users/zuriy/Documents/bwsi-uav-good/flying_squirrels_architecture/build/drone_control/install.log --single-version-externally-managed install_data
