[0.655s] DEBUG:colcon:Command line arguments: ['/home/zuri2102/.local/bin/colcon', 'build']
[0.655s] DEBUG:colcon:Parsed command line arguments: Namespace(log_base=None, log_level=None, verb_name='build', build_base='build', install_base='install', merge_install=False, symlink_install=False, test_result_base=None, continue_on_error=False, executor='parallel', parallel_workers=22, event_handlers=None, ignore_user_meta=False, metas=['./colcon.meta'], base_paths=['.'], packages_ignore=None, packages_ignore_regex=None, paths=None, packages_up_to=None, packages_up_to_regex=None, packages_above=None, packages_above_and_dependencies=None, packages_above_depth=None, packages_select_by_dep=None, packages_skip_by_dep=None, packages_skip_up_to=None, packages_select_build_failed=False, packages_skip_build_finished=False, packages_select_test_failures=False, packages_skip_test_passed=False, packages_select=None, packages_skip=None, packages_select_regex=None, packages_skip_regex=None, packages_start=None, packages_end=None, cmake_args=None, cmake_target=None, cmake_target_skip_unavailable=False, cmake_clean_cache=False, cmake_clean_first=False, cmake_force_configure=False, ament_cmake_args=None, catkin_cmake_args=None, catkin_skip_building_tests=False, verb_parser=<colcon_defaults.argument_parser.defaults.DefaultArgumentsDecorator object at 0x7f029b35fb50>, verb_extension=<colcon_core.verb.build.BuildVerb object at 0x7f029b298dc0>, main=<bound method BuildVerb.main of <colcon_core.verb.build.BuildVerb object at 0x7f029b298dc0>>)
[0.795s] Level 1:colcon.colcon_core.package_discovery:discover_packages(colcon_meta) check parameters
[0.795s] Level 1:colcon.colcon_core.package_discovery:discover_packages(recursive) check parameters
[0.797s] Level 1:colcon.colcon_core.package_discovery:discover_packages(ignore) check parameters
[0.797s] Level 1:colcon.colcon_core.package_discovery:discover_packages(path) check parameters
[0.798s] Level 1:colcon.colcon_core.package_discovery:discover_packages(colcon_meta) discover
[0.798s] Level 1:colcon.colcon_core.package_discovery:discover_packages(recursive) discover
[0.799s] INFO:colcon.colcon_core.package_discovery:Crawling recursively for packages in '/mnt/c/Users/zuriy/Documents/bwsi-uav-good/flying_squirrels_architecture'
[0.801s] Level 1:colcon.colcon_core.package_identification:_identify(.) by extensions ['ignore', 'ignore_ament_install']
[0.801s] Level 1:colcon.colcon_core.package_identification:_identify(.) by extension 'ignore'
[0.801s] Level 1:colcon.colcon_core.package_identification:_identify(.) by extension 'ignore_ament_install'
[0.802s] Level 1:colcon.colcon_core.package_identification:_identify(.) by extensions ['colcon_pkg']
[0.802s] Level 1:colcon.colcon_core.package_identification:_identify(.) by extension 'colcon_pkg'
[0.802s] Level 1:colcon.colcon_core.package_identification:_identify(.) by extensions ['colcon_meta']
[0.802s] Level 1:colcon.colcon_core.package_identification:_identify(.) by extension 'colcon_meta'
[0.802s] Level 1:colcon.colcon_core.package_identification:_identify(.) by extensions ['ros']
[0.802s] Level 1:colcon.colcon_core.package_identification:_identify(.) by extension 'ros'
[0.838s] Level 1:colcon.colcon_core.package_identification:_identify(.) by extensions ['cmake', 'python']
[0.838s] Level 1:colcon.colcon_core.package_identification:_identify(.) by extension 'cmake'
[0.839s] Level 1:colcon.colcon_core.package_identification:_identify(.) by extension 'python'
[0.839s] Level 1:colcon.colcon_core.package_identification:_identify(.) by extensions ['python_setup_py']
[0.840s] Level 1:colcon.colcon_core.package_identification:_identify(.) by extension 'python_setup_py'
[0.843s] Level 1:colcon.colcon_core.package_identification:_identify(build) by extensions ['ignore', 'ignore_ament_install']
[0.843s] Level 1:colcon.colcon_core.package_identification:_identify(build) by extension 'ignore'
[0.844s] Level 1:colcon.colcon_core.package_identification:_identify(build) ignored
[0.849s] Level 1:colcon.colcon_core.package_identification:_identify(install) by extensions ['ignore', 'ignore_ament_install']
[0.851s] Level 1:colcon.colcon_core.package_identification:_identify(install) by extension 'ignore'
[0.854s] Level 1:colcon.colcon_core.package_identification:_identify(install) ignored
[0.858s] Level 1:colcon.colcon_core.package_identification:_identify(log) by extensions ['ignore', 'ignore_ament_install']
[0.858s] Level 1:colcon.colcon_core.package_identification:_identify(log) by extension 'ignore'
[0.859s] Level 1:colcon.colcon_core.package_identification:_identify(log) ignored
[0.862s] Level 1:colcon.colcon_core.package_identification:_identify(src) by extensions ['ignore', 'ignore_ament_install']
[0.863s] Level 1:colcon.colcon_core.package_identification:_identify(src) by extension 'ignore'
[0.863s] Level 1:colcon.colcon_core.package_identification:_identify(src) by extension 'ignore_ament_install'
[0.865s] Level 1:colcon.colcon_core.package_identification:_identify(src) by extensions ['colcon_pkg']
[0.865s] Level 1:colcon.colcon_core.package_identification:_identify(src) by extension 'colcon_pkg'
[0.866s] Level 1:colcon.colcon_core.package_identification:_identify(src) by extensions ['colcon_meta']
[0.866s] Level 1:colcon.colcon_core.package_identification:_identify(src) by extension 'colcon_meta'
[0.867s] Level 1:colcon.colcon_core.package_identification:_identify(src) by extensions ['ros']
[0.868s] Level 1:colcon.colcon_core.package_identification:_identify(src) by extension 'ros'
[0.870s] Level 1:colcon.colcon_core.package_identification:_identify(src) by extensions ['cmake', 'python']
[0.870s] Level 1:colcon.colcon_core.package_identification:_identify(src) by extension 'cmake'
[0.871s] Level 1:colcon.colcon_core.package_identification:_identify(src) by extension 'python'
[0.872s] Level 1:colcon.colcon_core.package_identification:_identify(src) by extensions ['python_setup_py']
[0.872s] Level 1:colcon.colcon_core.package_identification:_identify(src) by extension 'python_setup_py'
[0.881s] Level 1:colcon.colcon_core.package_identification:_identify(src/drone_control) by extensions ['ignore', 'ignore_ament_install']
[0.881s] Level 1:colcon.colcon_core.package_identification:_identify(src/drone_control) by extension 'ignore'
[0.882s] Level 1:colcon.colcon_core.package_identification:_identify(src/drone_control) by extension 'ignore_ament_install'
[0.884s] Level 1:colcon.colcon_core.package_identification:_identify(src/drone_control) by extensions ['colcon_pkg']
[0.884s] Level 1:colcon.colcon_core.package_identification:_identify(src/drone_control) by extension 'colcon_pkg'
[0.887s] Level 1:colcon.colcon_core.package_identification:_identify(src/drone_control) by extensions ['colcon_meta']
[0.888s] Level 1:colcon.colcon_core.package_identification:_identify(src/drone_control) by extension 'colcon_meta'
[0.894s] Level 1:colcon.colcon_core.package_identification:_identify(src/drone_control) by extensions ['ros']
[0.894s] Level 1:colcon.colcon_core.package_identification:_identify(src/drone_control) by extension 'ros'
[0.929s] DEBUG:colcon.colcon_core.package_identification:Package 'src/drone_control' with type 'ros.ament_python' and name 'drone_control'
[0.939s] Level 1:colcon.colcon_core.package_identification:_identify(src/drone_sensing) by extensions ['ignore', 'ignore_ament_install']
[0.940s] Level 1:colcon.colcon_core.package_identification:_identify(src/drone_sensing) by extension 'ignore'
[0.942s] Level 1:colcon.colcon_core.package_identification:_identify(src/drone_sensing) by extension 'ignore_ament_install'
[0.945s] Level 1:colcon.colcon_core.package_identification:_identify(src/drone_sensing) by extensions ['colcon_pkg']
[0.946s] Level 1:colcon.colcon_core.package_identification:_identify(src/drone_sensing) by extension 'colcon_pkg'
[0.949s] Level 1:colcon.colcon_core.package_identification:_identify(src/drone_sensing) by extensions ['colcon_meta']
[0.950s] Level 1:colcon.colcon_core.package_identification:_identify(src/drone_sensing) by extension 'colcon_meta'
[0.953s] Level 1:colcon.colcon_core.package_identification:_identify(src/drone_sensing) by extensions ['ros']
[0.953s] Level 1:colcon.colcon_core.package_identification:_identify(src/drone_sensing) by extension 'ros'
[0.974s] DEBUG:colcon.colcon_core.package_identification:Package 'src/drone_sensing' with type 'ros.ament_python' and name 'drone_sensing'
[0.974s] Level 1:colcon.colcon_core.package_discovery:discover_packages(recursive) using defaults
[0.975s] Level 1:colcon.colcon_core.package_discovery:discover_packages(ignore) discover
[0.975s] Level 1:colcon.colcon_core.package_discovery:discover_packages(ignore) using defaults
[0.975s] Level 1:colcon.colcon_core.package_discovery:discover_packages(path) discover
[0.976s] Level 1:colcon.colcon_core.package_discovery:discover_packages(path) using defaults
[1.099s] Level 5:colcon.colcon_core.verb:set package 'drone_control' build argument 'cmake_args' from command line to 'None'
[1.099s] Level 5:colcon.colcon_core.verb:set package 'drone_control' build argument 'cmake_target' from command line to 'None'
[1.099s] Level 5:colcon.colcon_core.verb:set package 'drone_control' build argument 'cmake_target_skip_unavailable' from command line to 'False'
[1.100s] Level 5:colcon.colcon_core.verb:set package 'drone_control' build argument 'cmake_clean_cache' from command line to 'False'
[1.101s] Level 5:colcon.colcon_core.verb:set package 'drone_control' build argument 'cmake_clean_first' from command line to 'False'
[1.101s] Level 5:colcon.colcon_core.verb:set package 'drone_control' build argument 'cmake_force_configure' from command line to 'False'
[1.101s] Level 5:colcon.colcon_core.verb:set package 'drone_control' build argument 'ament_cmake_args' from command line to 'None'
[1.102s] Level 5:colcon.colcon_core.verb:set package 'drone_control' build argument 'catkin_cmake_args' from command line to 'None'
[1.102s] Level 5:colcon.colcon_core.verb:set package 'drone_control' build argument 'catkin_skip_building_tests' from command line to 'False'
[1.102s] DEBUG:colcon.colcon_core.verb:Building package 'drone_control' with the following arguments: {'ament_cmake_args': None, 'build_base': '/mnt/c/Users/zuriy/Documents/bwsi-uav-good/flying_squirrels_architecture/build/drone_control', 'catkin_cmake_args': None, 'catkin_skip_building_tests': False, 'cmake_args': None, 'cmake_clean_cache': False, 'cmake_clean_first': False, 'cmake_force_configure': False, 'cmake_target': None, 'cmake_target_skip_unavailable': False, 'install_base': '/mnt/c/Users/zuriy/Documents/bwsi-uav-good/flying_squirrels_architecture/install/drone_control', 'merge_install': False, 'path': '/mnt/c/Users/zuriy/Documents/bwsi-uav-good/flying_squirrels_architecture/src/drone_control', 'symlink_install': False, 'test_result_base': None}
[1.103s] Level 5:colcon.colcon_core.verb:set package 'drone_sensing' build argument 'cmake_args' from command line to 'None'
[1.103s] Level 5:colcon.colcon_core.verb:set package 'drone_sensing' build argument 'cmake_target' from command line to 'None'
[1.103s] Level 5:colcon.colcon_core.verb:set package 'drone_sensing' build argument 'cmake_target_skip_unavailable' from command line to 'False'
[1.104s] Level 5:colcon.colcon_core.verb:set package 'drone_sensing' build argument 'cmake_clean_cache' from command line to 'False'
[1.104s] Level 5:colcon.colcon_core.verb:set package 'drone_sensing' build argument 'cmake_clean_first' from command line to 'False'
[1.104s] Level 5:colcon.colcon_core.verb:set package 'drone_sensing' build argument 'cmake_force_configure' from command line to 'False'
[1.105s] Level 5:colcon.colcon_core.verb:set package 'drone_sensing' build argument 'ament_cmake_args' from command line to 'None'
[1.105s] Level 5:colcon.colcon_core.verb:set package 'drone_sensing' build argument 'catkin_cmake_args' from command line to 'None'
[1.105s] Level 5:colcon.colcon_core.verb:set package 'drone_sensing' build argument 'catkin_skip_building_tests' from command line to 'False'
[1.105s] DEBUG:colcon.colcon_core.verb:Building package 'drone_sensing' with the following arguments: {'ament_cmake_args': None, 'build_base': '/mnt/c/Users/zuriy/Documents/bwsi-uav-good/flying_squirrels_architecture/build/drone_sensing', 'catkin_cmake_args': None, 'catkin_skip_building_tests': False, 'cmake_args': None, 'cmake_clean_cache': False, 'cmake_clean_first': False, 'cmake_force_configure': False, 'cmake_target': None, 'cmake_target_skip_unavailable': False, 'install_base': '/mnt/c/Users/zuriy/Documents/bwsi-uav-good/flying_squirrels_architecture/install/drone_sensing', 'merge_install': False, 'path': '/mnt/c/Users/zuriy/Documents/bwsi-uav-good/flying_squirrels_architecture/src/drone_sensing', 'symlink_install': False, 'test_result_base': None}
[1.105s] INFO:colcon.colcon_core.executor:Executing jobs using 'parallel' executor
[1.106s] DEBUG:colcon.colcon_parallel_executor.executor.parallel:run_until_complete
[1.107s] INFO:colcon.colcon_ros.task.ament_python.build:Building ROS package in '/mnt/c/Users/zuriy/Documents/bwsi-uav-good/flying_squirrels_architecture/src/drone_control' with build type 'ament_python'
[1.108s] Level 1:colcon.colcon_core.shell:create_environment_hook('drone_control', 'ament_prefix_path')
[1.126s] INFO:colcon.colcon_core.plugin_system:Skipping extension 'colcon_core.shell.bat': Not used on non-Windows systems
[1.126s] INFO:colcon.colcon_core.shell:Creating environment hook '/mnt/c/Users/zuriy/Documents/bwsi-uav-good/flying_squirrels_architecture/install/drone_control/share/drone_control/hook/ament_prefix_path.ps1'
[1.139s] INFO:colcon.colcon_core.shell:Creating environment descriptor '/mnt/c/Users/zuriy/Documents/bwsi-uav-good/flying_squirrels_architecture/install/drone_control/share/drone_control/hook/ament_prefix_path.dsv'
[1.162s] INFO:colcon.colcon_core.shell:Creating environment hook '/mnt/c/Users/zuriy/Documents/bwsi-uav-good/flying_squirrels_architecture/install/drone_control/share/drone_control/hook/ament_prefix_path.sh'
[1.194s] INFO:colcon.colcon_core.shell:Skip shell extension 'powershell' for command environment: Not usable outside of PowerShell
[1.195s] DEBUG:colcon.colcon_core.shell:Skip shell extension 'dsv' for command environment
[1.339s] INFO:colcon.colcon_ros.task.ament_python.build:Building ROS package in '/mnt/c/Users/zuriy/Documents/bwsi-uav-good/flying_squirrels_architecture/src/drone_sensing' with build type 'ament_python'
[1.340s] Level 1:colcon.colcon_core.shell:create_environment_hook('drone_sensing', 'ament_prefix_path')
[1.340s] INFO:colcon.colcon_core.shell:Creating environment hook '/mnt/c/Users/zuriy/Documents/bwsi-uav-good/flying_squirrels_architecture/install/drone_sensing/share/drone_sensing/hook/ament_prefix_path.ps1'
[1.364s] INFO:colcon.colcon_core.shell:Creating environment descriptor '/mnt/c/Users/zuriy/Documents/bwsi-uav-good/flying_squirrels_architecture/install/drone_sensing/share/drone_sensing/hook/ament_prefix_path.dsv'
[1.388s] INFO:colcon.colcon_core.shell:Creating environment hook '/mnt/c/Users/zuriy/Documents/bwsi-uav-good/flying_squirrels_architecture/install/drone_sensing/share/drone_sensing/hook/ament_prefix_path.sh'
[1.442s] INFO:colcon.colcon_core.shell:Skip shell extension 'powershell' for command environment: Not usable outside of PowerShell
[1.443s] DEBUG:colcon.colcon_core.shell:Skip shell extension 'dsv' for command environment
[2.223s] INFO:colcon.colcon_core.task.python.build:Building Python package in '/mnt/c/Users/zuriy/Documents/bwsi-uav-good/flying_squirrels_architecture/src/drone_control'
[2.224s] INFO:colcon.colcon_core.shell:Skip shell extension 'powershell' for command environment: Not usable outside of PowerShell
[2.224s] DEBUG:colcon.colcon_core.shell:Skip shell extension 'dsv' for command environment
[3.008s] INFO:colcon.colcon_core.task.python.build:Building Python package in '/mnt/c/Users/zuriy/Documents/bwsi-uav-good/flying_squirrels_architecture/src/drone_sensing'
[3.009s] INFO:colcon.colcon_core.shell:Skip shell extension 'powershell' for command environment: Not usable outside of PowerShell
[3.009s] DEBUG:colcon.colcon_core.shell:Skip shell extension 'dsv' for command environment
[4.960s] DEBUG:colcon.colcon_core.event_handler.log_command:Invoking command in '/mnt/c/Users/zuriy/Documents/bwsi-uav-good/flying_squirrels_architecture/src/drone_sensing': PYTHONPATH=/mnt/c/Users/zuriy/Documents/bwsi-uav-good/flying_squirrels_architecture/build/drone_sensing/prefix_override:/home/zuri2102/.local/lib/python3.10/site-packages/colcon_core/task/python/colcon_distutils_commands:/mnt/c/Users/zuriy/Documents/bwsi-uav-good/flying_squirrels_architecture/install/drone_sensing/lib/python3.10/site-packages:${PYTHONPATH} /usr/bin/python3 -W ignore:setup.py install is deprecated setup.py egg_info --egg-base ../../build/drone_sensing build --build-base /mnt/c/Users/zuriy/Documents/bwsi-uav-good/flying_squirrels_architecture/build/drone_sensing/build install --record /mnt/c/Users/zuriy/Documents/bwsi-uav-good/flying_squirrels_architecture/build/drone_sensing/install.log --single-version-externally-managed install_data
[5.007s] DEBUG:colcon.colcon_core.event_handler.log_command:Invoking command in '/mnt/c/Users/zuriy/Documents/bwsi-uav-good/flying_squirrels_architecture/src/drone_control': PYTHONPATH=/mnt/c/Users/zuriy/Documents/bwsi-uav-good/flying_squirrels_architecture/build/drone_control/prefix_override:/home/zuri2102/.local/lib/python3.10/site-packages/colcon_core/task/python/colcon_distutils_commands:/mnt/c/Users/zuriy/Documents/bwsi-uav-good/flying_squirrels_architecture/install/drone_control/lib/python3.10/site-packages:${PYTHONPATH} /usr/bin/python3 -W ignore:setup.py install is deprecated setup.py egg_info --egg-base ../../build/drone_control build --build-base /mnt/c/Users/zuriy/Documents/bwsi-uav-good/flying_squirrels_architecture/build/drone_control/build install --record /mnt/c/Users/zuriy/Documents/bwsi-uav-good/flying_squirrels_architecture/build/drone_control/install.log --single-version-externally-managed install_data
[7.225s] DEBUG:colcon.colcon_core.event_handler.log_command:Invoked command in '/mnt/c/Users/zuriy/Documents/bwsi-uav-good/flying_squirrels_architecture/src/drone_control' returned '0': PYTHONPATH=/mnt/c/Users/zuriy/Documents/bwsi-uav-good/flying_squirrels_architecture/build/drone_control/prefix_override:/home/zuri2102/.local/lib/python3.10/site-packages/colcon_core/task/python/colcon_distutils_commands:/mnt/c/Users/zuriy/Documents/bwsi-uav-good/flying_squirrels_architecture/install/drone_control/lib/python3.10/site-packages:${PYTHONPATH} /usr/bin/python3 -W ignore:setup.py install is deprecated setup.py egg_info --egg-base ../../build/drone_control build --build-base /mnt/c/Users/zuriy/Documents/bwsi-uav-good/flying_squirrels_architecture/build/drone_control/build install --record /mnt/c/Users/zuriy/Documents/bwsi-uav-good/flying_squirrels_architecture/build/drone_control/install.log --single-version-externally-managed install_data
[7.246s] Level 1:colcon.colcon_core.environment:checking '/mnt/c/Users/zuriy/Documents/bwsi-uav-good/flying_squirrels_architecture/install/drone_control' for CMake module files
[7.292s] Level 1:colcon.colcon_core.environment:checking '/mnt/c/Users/zuriy/Documents/bwsi-uav-good/flying_squirrels_architecture/install/drone_control' for CMake config files
[7.406s] Level 1:colcon.colcon_core.environment:checking '/mnt/c/Users/zuriy/Documents/bwsi-uav-good/flying_squirrels_architecture/install/drone_control/lib'
[7.411s] Level 1:colcon.colcon_core.environment:checking '/mnt/c/Users/zuriy/Documents/bwsi-uav-good/flying_squirrels_architecture/install/drone_control/bin'
[7.413s] Level 1:colcon.colcon_core.environment:checking '/mnt/c/Users/zuriy/Documents/bwsi-uav-good/flying_squirrels_architecture/install/drone_control/lib/pkgconfig/drone_control.pc'
[7.417s] Level 1:colcon.colcon_core.environment:checking '/mnt/c/Users/zuriy/Documents/bwsi-uav-good/flying_squirrels_architecture/install/drone_control/lib/python3.10/site-packages'
[7.420s] Level 1:colcon.colcon_core.shell:create_environment_hook('drone_control', 'pythonpath')
[7.420s] INFO:colcon.colcon_core.shell:Creating environment hook '/mnt/c/Users/zuriy/Documents/bwsi-uav-good/flying_squirrels_architecture/install/drone_control/share/drone_control/hook/pythonpath.ps1'
[7.438s] INFO:colcon.colcon_core.shell:Creating environment descriptor '/mnt/c/Users/zuriy/Documents/bwsi-uav-good/flying_squirrels_architecture/install/drone_control/share/drone_control/hook/pythonpath.dsv'
[7.456s] INFO:colcon.colcon_core.shell:Creating environment hook '/mnt/c/Users/zuriy/Documents/bwsi-uav-good/flying_squirrels_architecture/install/drone_control/share/drone_control/hook/pythonpath.sh'
[7.472s] Level 1:colcon.colcon_core.environment:checking '/mnt/c/Users/zuriy/Documents/bwsi-uav-good/flying_squirrels_architecture/install/drone_control/bin'
[7.473s] Level 1:colcon.colcon_core.environment:create_environment_scripts_only(drone_control)
[7.473s] INFO:colcon.colcon_core.shell:Creating package script '/mnt/c/Users/zuriy/Documents/bwsi-uav-good/flying_squirrels_architecture/install/drone_control/share/drone_control/package.ps1'
[7.487s] INFO:colcon.colcon_core.shell:Creating package descriptor '/mnt/c/Users/zuriy/Documents/bwsi-uav-good/flying_squirrels_architecture/install/drone_control/share/drone_control/package.dsv'
[7.502s] INFO:colcon.colcon_core.shell:Creating package script '/mnt/c/Users/zuriy/Documents/bwsi-uav-good/flying_squirrels_architecture/install/drone_control/share/drone_control/package.sh'
[7.519s] INFO:colcon.colcon_core.shell:Creating package script '/mnt/c/Users/zuriy/Documents/bwsi-uav-good/flying_squirrels_architecture/install/drone_control/share/drone_control/package.bash'
[7.542s] INFO:colcon.colcon_core.shell:Creating package script '/mnt/c/Users/zuriy/Documents/bwsi-uav-good/flying_squirrels_architecture/install/drone_control/share/drone_control/package.zsh'
[7.556s] Level 1:colcon.colcon_core.environment:create_file_with_runtime_dependencies(/mnt/c/Users/zuriy/Documents/bwsi-uav-good/flying_squirrels_architecture/install/drone_control/share/colcon-core/packages/drone_control)
[7.566s] Level 1:colcon.colcon_core.environment:checking '/mnt/c/Users/zuriy/Documents/bwsi-uav-good/flying_squirrels_architecture/install/drone_sensing' for CMake module files
[7.575s] DEBUG:colcon.colcon_core.event_handler.log_command:Invoked command in '/mnt/c/Users/zuriy/Documents/bwsi-uav-good/flying_squirrels_architecture/src/drone_sensing' returned '0': PYTHONPATH=/mnt/c/Users/zuriy/Documents/bwsi-uav-good/flying_squirrels_architecture/build/drone_sensing/prefix_override:/home/zuri2102/.local/lib/python3.10/site-packages/colcon_core/task/python/colcon_distutils_commands:/mnt/c/Users/zuriy/Documents/bwsi-uav-good/flying_squirrels_architecture/install/drone_sensing/lib/python3.10/site-packages:${PYTHONPATH} /usr/bin/python3 -W ignore:setup.py install is deprecated setup.py egg_info --egg-base ../../build/drone_sensing build --build-base /mnt/c/Users/zuriy/Documents/bwsi-uav-good/flying_squirrels_architecture/build/drone_sensing/build install --record /mnt/c/Users/zuriy/Documents/bwsi-uav-good/flying_squirrels_architecture/build/drone_sensing/install.log --single-version-externally-managed install_data
[7.620s] Level 1:colcon.colcon_core.environment:checking '/mnt/c/Users/zuriy/Documents/bwsi-uav-good/flying_squirrels_architecture/install/drone_sensing' for CMake config files
[7.689s] Level 1:colcon.colcon_core.environment:checking '/mnt/c/Users/zuriy/Documents/bwsi-uav-good/flying_squirrels_architecture/install/drone_sensing/lib'
[7.691s] Level 1:colcon.colcon_core.environment:checking '/mnt/c/Users/zuriy/Documents/bwsi-uav-good/flying_squirrels_architecture/install/drone_sensing/bin'
[7.692s] Level 1:colcon.colcon_core.environment:checking '/mnt/c/Users/zuriy/Documents/bwsi-uav-good/flying_squirrels_architecture/install/drone_sensing/lib/pkgconfig/drone_sensing.pc'
[7.693s] Level 1:colcon.colcon_core.environment:checking '/mnt/c/Users/zuriy/Documents/bwsi-uav-good/flying_squirrels_architecture/install/drone_sensing/lib/python3.10/site-packages'
[7.694s] Level 1:colcon.colcon_core.shell:create_environment_hook('drone_sensing', 'pythonpath')
[7.695s] INFO:colcon.colcon_core.shell:Creating environment hook '/mnt/c/Users/zuriy/Documents/bwsi-uav-good/flying_squirrels_architecture/install/drone_sensing/share/drone_sensing/hook/pythonpath.ps1'
[7.705s] INFO:colcon.colcon_core.shell:Creating environment descriptor '/mnt/c/Users/zuriy/Documents/bwsi-uav-good/flying_squirrels_architecture/install/drone_sensing/share/drone_sensing/hook/pythonpath.dsv'
[7.718s] INFO:colcon.colcon_core.shell:Creating environment hook '/mnt/c/Users/zuriy/Documents/bwsi-uav-good/flying_squirrels_architecture/install/drone_sensing/share/drone_sensing/hook/pythonpath.sh'
[7.725s] Level 1:colcon.colcon_core.environment:checking '/mnt/c/Users/zuriy/Documents/bwsi-uav-good/flying_squirrels_architecture/install/drone_sensing/bin'
[7.726s] Level 1:colcon.colcon_core.environment:create_environment_scripts_only(drone_sensing)
[7.727s] INFO:colcon.colcon_core.shell:Creating package script '/mnt/c/Users/zuriy/Documents/bwsi-uav-good/flying_squirrels_architecture/install/drone_sensing/share/drone_sensing/package.ps1'
[7.734s] INFO:colcon.colcon_core.shell:Creating package descriptor '/mnt/c/Users/zuriy/Documents/bwsi-uav-good/flying_squirrels_architecture/install/drone_sensing/share/drone_sensing/package.dsv'
[7.740s] INFO:colcon.colcon_core.shell:Creating package script '/mnt/c/Users/zuriy/Documents/bwsi-uav-good/flying_squirrels_architecture/install/drone_sensing/share/drone_sensing/package.sh'
[7.771s] INFO:colcon.colcon_core.shell:Creating package script '/mnt/c/Users/zuriy/Documents/bwsi-uav-good/flying_squirrels_architecture/install/drone_sensing/share/drone_sensing/package.bash'
[7.794s] INFO:colcon.colcon_core.shell:Creating package script '/mnt/c/Users/zuriy/Documents/bwsi-uav-good/flying_squirrels_architecture/install/drone_sensing/share/drone_sensing/package.zsh'
[7.828s] Level 1:colcon.colcon_core.environment:create_file_with_runtime_dependencies(/mnt/c/Users/zuriy/Documents/bwsi-uav-good/flying_squirrels_architecture/install/drone_sensing/share/colcon-core/packages/drone_sensing)
[7.845s] DEBUG:colcon.colcon_parallel_executor.executor.parallel:closing loop
[7.846s] DEBUG:colcon.colcon_parallel_executor.executor.parallel:loop closed
[7.847s] DEBUG:colcon.colcon_parallel_executor.executor.parallel:run_until_complete finished with '0'
[7.848s] DEBUG:colcon.colcon_core.event_reactor:joining thread
[7.927s] INFO:colcon.colcon_core.plugin_system:Skipping extension 'colcon_notification.desktop_notification.terminal_notifier': Not used on non-Darwin systems
[7.931s] INFO:colcon.colcon_core.plugin_system:Skipping extension 'colcon_notification.desktop_notification.win32': Not used on non-Windows systems
[7.931s] INFO:colcon.colcon_notification.desktop_notification:Sending desktop notification using 'notify2'
[7.932s] DEBUG:colcon.colcon_notification.desktop_notification.notify2:Failed to initialize notify2: org.freedesktop.DBus.Error.AccessDenied: Failed to connect to socket /run/user/1000/bus: Permission denied
[7.932s] DEBUG:colcon.colcon_core.event_reactor:joined thread
[7.933s] INFO:colcon.colcon_core.shell:Creating prefix script '/mnt/c/Users/zuriy/Documents/bwsi-uav-good/flying_squirrels_architecture/install/local_setup.ps1'
[7.945s] INFO:colcon.colcon_core.shell:Creating prefix util module '/mnt/c/Users/zuriy/Documents/bwsi-uav-good/flying_squirrels_architecture/install/_local_setup_util_ps1.py'
[7.958s] INFO:colcon.colcon_core.shell:Creating prefix chain script '/mnt/c/Users/zuriy/Documents/bwsi-uav-good/flying_squirrels_architecture/install/setup.ps1'
[8.001s] INFO:colcon.colcon_core.shell:Creating prefix script '/mnt/c/Users/zuriy/Documents/bwsi-uav-good/flying_squirrels_architecture/install/local_setup.sh'
[8.007s] INFO:colcon.colcon_core.shell:Creating prefix util module '/mnt/c/Users/zuriy/Documents/bwsi-uav-good/flying_squirrels_architecture/install/_local_setup_util_sh.py'
[8.016s] INFO:colcon.colcon_core.shell:Creating prefix chain script '/mnt/c/Users/zuriy/Documents/bwsi-uav-good/flying_squirrels_architecture/install/setup.sh'
[8.043s] INFO:colcon.colcon_core.shell:Creating prefix script '/mnt/c/Users/zuriy/Documents/bwsi-uav-good/flying_squirrels_architecture/install/local_setup.bash'
[8.048s] INFO:colcon.colcon_core.shell:Creating prefix chain script '/mnt/c/Users/zuriy/Documents/bwsi-uav-good/flying_squirrels_architecture/install/setup.bash'
[8.067s] INFO:colcon.colcon_core.shell:Creating prefix script '/mnt/c/Users/zuriy/Documents/bwsi-uav-good/flying_squirrels_architecture/install/local_setup.zsh'
[8.073s] INFO:colcon.colcon_core.shell:Creating prefix chain script '/mnt/c/Users/zuriy/Documents/bwsi-uav-good/flying_squirrels_architecture/install/setup.zsh'
