running egg_info
writing ../../build/drone_sensing/drone_sensing.egg-info/PKG-INFO
writing dependency_links to ../../build/drone_sensing/drone_sensing.egg-info/dependency_links.txt
writing entry points to ../../build/drone_sensing/drone_sensing.egg-info/entry_points.txt
writing requirements to ../../build/drone_sensing/drone_sensing.egg-info/requires.txt
writing top-level names to ../../build/drone_sensing/drone_sensing.egg-info/top_level.txt
reading manifest file '../../build/drone_sensing/drone_sensing.egg-info/SOURCES.txt'
writing manifest file '../../build/drone_sensing/drone_sensing.egg-info/SOURCES.txt'
running build
running build_py
copying drone_sensing/downward_cam.py -> /home/zuri2102/sharedDocuments/bwsi-uav-good/flying_squirrels_architecture/build/drone_sensing/build/lib/drone_sensing
copying drone_sensing/stereo_cam.py -> /home/zuri2102/sharedDocuments/bwsi-uav-good/flying_squirrels_architecture/build/drone_sensing/build/lib/drone_sensing
copying drone_sensing/__init__.py -> /home/zuri2102/sharedDocuments/bwsi-uav-good/flying_squirrels_architecture/build/drone_sensing/build/lib/drone_sensing
running install
running install_lib
copying /home/zuri2102/sharedDocuments/bwsi-uav-good/flying_squirrels_architecture/build/drone_sensing/build/lib/drone_sensing/downward_cam.py -> /home/zuri2102/sharedDocuments/bwsi-uav-good/flying_squirrels_architecture/install/drone_sensing/lib/python3.10/site-packages/drone_sensing
copying /home/zuri2102/sharedDocuments/bwsi-uav-good/flying_squirrels_architecture/build/drone_sensing/build/lib/drone_sensing/stereo_cam.py -> /home/zuri2102/sharedDocuments/bwsi-uav-good/flying_squirrels_architecture/install/drone_sensing/lib/python3.10/site-packages/drone_sensing
byte-compiling /home/zuri2102/sharedDocuments/bwsi-uav-good/flying_squirrels_architecture/install/drone_sensing/lib/python3.10/site-packages/drone_sensing/downward_cam.py to downward_cam.cpython-310.pyc
byte-compiling /home/zuri2102/sharedDocuments/bwsi-uav-good/flying_squirrels_architecture/install/drone_sensing/lib/python3.10/site-packages/drone_sensing/stereo_cam.py to stereo_cam.cpython-310.pyc
running install_data
copying resource/drone_sensing -> /home/zuri2102/sharedDocuments/bwsi-uav-good/flying_squirrels_architecture/install/drone_sensing/share/ament_index/resource_index/packages
copying package.xml -> /home/zuri2102/sharedDocuments/bwsi-uav-good/flying_squirrels_architecture/install/drone_sensing/share/drone_sensing
running install_egg_info
removing '/home/zuri2102/sharedDocuments/bwsi-uav-good/flying_squirrels_architecture/install/drone_sensing/lib/python3.10/site-packages/drone_sensing-0.0.0-py3.10.egg-info' (and everything under it)
Copying ../../build/drone_sensing/drone_sensing.egg-info to /home/zuri2102/sharedDocuments/bwsi-uav-good/flying_squirrels_architecture/install/drone_sensing/lib/python3.10/site-packages/drone_sensing-0.0.0-py3.10.egg-info
running install_scripts
Installing dc_node script to /home/zuri2102/sharedDocuments/bwsi-uav-good/flying_squirrels_architecture/install/drone_sensing/lib/drone_sensing
Installing stereo_node script to /home/zuri2102/sharedDocuments/bwsi-uav-good/flying_squirrels_architecture/install/drone_sensing/lib/drone_sensing
writing list of installed files to '/home/zuri2102/sharedDocuments/bwsi-uav-good/flying_squirrels_architecture/build/drone_sensing/install.log'
