[0.376s] DEBUG:colcon:Command line arguments: ['/home/zuri2102/.local/bin/colcon', 'build']
[0.377s] DEBUG:colcon:Parsed command line arguments: Namespace(log_base=None, log_level=None, verb_name='build', build_base='build', install_base='install', merge_install=False, symlink_install=False, test_result_base=None, continue_on_error=False, executor='parallel', parallel_workers=22, event_handlers=None, ignore_user_meta=False, metas=['./colcon.meta'], base_paths=['.'], packages_ignore=None, packages_ignore_regex=None, paths=None, packages_up_to=None, packages_up_to_regex=None, packages_above=None, packages_above_and_dependencies=None, packages_above_depth=None, packages_select_by_dep=None, packages_skip_by_dep=None, packages_skip_up_to=None, packages_select_build_failed=False, packages_skip_build_finished=False, packages_select_test_failures=False, packages_skip_test_passed=False, packages_select=None, packages_skip=None, packages_select_regex=None, packages_skip_regex=None, packages_start=None, packages_end=None, cmake_args=None, cmake_target=None, cmake_target_skip_unavailable=False, cmake_clean_cache=False, cmake_clean_first=False, cmake_force_configure=False, ament_cmake_args=None, catkin_cmake_args=None, catkin_skip_building_tests=False, verb_parser=<colcon_defaults.argument_parser.defaults.DefaultArgumentsDecorator object at 0x7f55f78c3520>, verb_extension=<colcon_core.verb.build.BuildVerb object at 0x7f55f7a5c760>, main=<bound method BuildVerb.main of <colcon_core.verb.build.BuildVerb object at 0x7f55f7a5c760>>)
[0.474s] Level 1:colcon.colcon_core.package_discovery:discover_packages(colcon_meta) check parameters
[0.476s] Level 1:colcon.colcon_core.package_discovery:discover_packages(recursive) check parameters
[0.476s] Level 1:colcon.colcon_core.package_discovery:discover_packages(ignore) check parameters
[0.477s] Level 1:colcon.colcon_core.package_discovery:discover_packages(path) check parameters
[0.477s] Level 1:colcon.colcon_core.package_discovery:discover_packages(colcon_meta) discover
[0.478s] Level 1:colcon.colcon_core.package_discovery:discover_packages(recursive) discover
[0.479s] INFO:colcon.colcon_core.package_discovery:Crawling recursively for packages in '/mnt/c/Users/zuriy/Documents/bwsi-uav-good/flying_squirrels_architecture'
[0.483s] Level 1:colcon.colcon_core.package_identification:_identify(.) by extensions ['ignore', 'ignore_ament_install']
[0.485s] Level 1:colcon.colcon_core.package_identification:_identify(.) by extension 'ignore'
[0.486s] Level 1:colcon.colcon_core.package_identification:_identify(.) by extension 'ignore_ament_install'
[0.488s] Level 1:colcon.colcon_core.package_identification:_identify(.) by extensions ['colcon_pkg']
[0.488s] Level 1:colcon.colcon_core.package_identification:_identify(.) by extension 'colcon_pkg'
[0.489s] Level 1:colcon.colcon_core.package_identification:_identify(.) by extensions ['colcon_meta']
[0.489s] Level 1:colcon.colcon_core.package_identification:_identify(.) by extension 'colcon_meta'
[0.490s] Level 1:colcon.colcon_core.package_identification:_identify(.) by extensions ['ros']
[0.491s] Level 1:colcon.colcon_core.package_identification:_identify(.) by extension 'ros'
[0.508s] Level 1:colcon.colcon_core.package_identification:_identify(.) by extensions ['cmake', 'python']
[0.509s] Level 1:colcon.colcon_core.package_identification:_identify(.) by extension 'cmake'
[0.509s] Level 1:colcon.colcon_core.package_identification:_identify(.) by extension 'python'
[0.511s] Level 1:colcon.colcon_core.package_identification:_identify(.) by extensions ['python_setup_py']
[0.511s] Level 1:colcon.colcon_core.package_identification:_identify(.) by extension 'python_setup_py'
[0.519s] Level 1:colcon.colcon_core.package_identification:_identify(build) by extensions ['ignore', 'ignore_ament_install']
[0.520s] Level 1:colcon.colcon_core.package_identification:_identify(build) by extension 'ignore'
[0.524s] Level 1:colcon.colcon_core.package_identification:_identify(build) ignored
[0.530s] Level 1:colcon.colcon_core.package_identification:_identify(install) by extensions ['ignore', 'ignore_ament_install']
[0.531s] Level 1:colcon.colcon_core.package_identification:_identify(install) by extension 'ignore'
[0.532s] Level 1:colcon.colcon_core.package_identification:_identify(install) ignored
[0.539s] Level 1:colcon.colcon_core.package_identification:_identify(log) by extensions ['ignore', 'ignore_ament_install']
[0.539s] Level 1:colcon.colcon_core.package_identification:_identify(log) by extension 'ignore'
[0.540s] Level 1:colcon.colcon_core.package_identification:_identify(log) ignored
[0.543s] Level 1:colcon.colcon_core.package_identification:_identify(src) by extensions ['ignore', 'ignore_ament_install']
[0.544s] Level 1:colcon.colcon_core.package_identification:_identify(src) by extension 'ignore'
[0.545s] Level 1:colcon.colcon_core.package_identification:_identify(src) by extension 'ignore_ament_install'
[0.546s] Level 1:colcon.colcon_core.package_identification:_identify(src) by extensions ['colcon_pkg']
[0.547s] Level 1:colcon.colcon_core.package_identification:_identify(src) by extension 'colcon_pkg'
[0.548s] Level 1:colcon.colcon_core.package_identification:_identify(src) by extensions ['colcon_meta']
[0.548s] Level 1:colcon.colcon_core.package_identification:_identify(src) by extension 'colcon_meta'
[0.549s] Level 1:colcon.colcon_core.package_identification:_identify(src) by extensions ['ros']
[0.549s] Level 1:colcon.colcon_core.package_identification:_identify(src) by extension 'ros'
[0.554s] Level 1:colcon.colcon_core.package_identification:_identify(src) by extensions ['cmake', 'python']
[0.554s] Level 1:colcon.colcon_core.package_identification:_identify(src) by extension 'cmake'
[0.555s] Level 1:colcon.colcon_core.package_identification:_identify(src) by extension 'python'
[0.556s] Level 1:colcon.colcon_core.package_identification:_identify(src) by extensions ['python_setup_py']
[0.556s] Level 1:colcon.colcon_core.package_identification:_identify(src) by extension 'python_setup_py'
[0.562s] Level 1:colcon.colcon_core.package_identification:_identify(src/drone_control) by extensions ['ignore', 'ignore_ament_install']
[0.563s] Level 1:colcon.colcon_core.package_identification:_identify(src/drone_control) by extension 'ignore'
[0.564s] Level 1:colcon.colcon_core.package_identification:_identify(src/drone_control) by extension 'ignore_ament_install'
[0.568s] Level 1:colcon.colcon_core.package_identification:_identify(src/drone_control) by extensions ['colcon_pkg']
[0.568s] Level 1:colcon.colcon_core.package_identification:_identify(src/drone_control) by extension 'colcon_pkg'
[0.572s] Level 1:colcon.colcon_core.package_identification:_identify(src/drone_control) by extensions ['colcon_meta']
[0.572s] Level 1:colcon.colcon_core.package_identification:_identify(src/drone_control) by extension 'colcon_meta'
[0.575s] Level 1:colcon.colcon_core.package_identification:_identify(src/drone_control) by extensions ['ros']
[0.575s] Level 1:colcon.colcon_core.package_identification:_identify(src/drone_control) by extension 'ros'
[0.600s] DEBUG:colcon.colcon_core.package_identification:Package 'src/drone_control' with type 'ros.ament_python' and name 'drone_control'
[0.601s] Level 1:colcon.colcon_core.package_discovery:discover_packages(recursive) using defaults
[0.602s] Level 1:colcon.colcon_core.package_discovery:discover_packages(ignore) discover
[0.602s] Level 1:colcon.colcon_core.package_discovery:discover_packages(ignore) using defaults
[0.603s] Level 1:colcon.colcon_core.package_discovery:discover_packages(path) discover
[0.603s] Level 1:colcon.colcon_core.package_discovery:discover_packages(path) using defaults
[0.641s] Level 5:colcon.colcon_core.verb:set package 'drone_control' build argument 'cmake_args' from command line to 'None'
[0.642s] Level 5:colcon.colcon_core.verb:set package 'drone_control' build argument 'cmake_target' from command line to 'None'
[0.642s] Level 5:colcon.colcon_core.verb:set package 'drone_control' build argument 'cmake_target_skip_unavailable' from command line to 'False'
[0.642s] Level 5:colcon.colcon_core.verb:set package 'drone_control' build argument 'cmake_clean_cache' from command line to 'False'
[0.642s] Level 5:colcon.colcon_core.verb:set package 'drone_control' build argument 'cmake_clean_first' from command line to 'False'
[0.643s] Level 5:colcon.colcon_core.verb:set package 'drone_control' build argument 'cmake_force_configure' from command line to 'False'
[0.643s] Level 5:colcon.colcon_core.verb:set package 'drone_control' build argument 'ament_cmake_args' from command line to 'None'
[0.643s] Level 5:colcon.colcon_core.verb:set package 'drone_control' build argument 'catkin_cmake_args' from command line to 'None'
[0.643s] Level 5:colcon.colcon_core.verb:set package 'drone_control' build argument 'catkin_skip_building_tests' from command line to 'False'
[0.644s] DEBUG:colcon.colcon_core.verb:Building package 'drone_control' with the following arguments: {'ament_cmake_args': None, 'build_base': '/mnt/c/Users/zuriy/Documents/bwsi-uav-good/flying_squirrels_architecture/build/drone_control', 'catkin_cmake_args': None, 'catkin_skip_building_tests': False, 'cmake_args': None, 'cmake_clean_cache': False, 'cmake_clean_first': False, 'cmake_force_configure': False, 'cmake_target': None, 'cmake_target_skip_unavailable': False, 'install_base': '/mnt/c/Users/zuriy/Documents/bwsi-uav-good/flying_squirrels_architecture/install/drone_control', 'merge_install': False, 'path': '/mnt/c/Users/zuriy/Documents/bwsi-uav-good/flying_squirrels_architecture/src/drone_control', 'symlink_install': False, 'test_result_base': None}
[0.644s] INFO:colcon.colcon_core.executor:Executing jobs using 'parallel' executor
[0.646s] DEBUG:colcon.colcon_parallel_executor.executor.parallel:run_until_complete
[0.647s] INFO:colcon.colcon_ros.task.ament_python.build:Building ROS package in '/mnt/c/Users/zuriy/Documents/bwsi-uav-good/flying_squirrels_architecture/src/drone_control' with build type 'ament_python'
[0.647s] Level 1:colcon.colcon_core.shell:create_environment_hook('drone_control', 'ament_prefix_path')
[0.650s] INFO:colcon.colcon_core.plugin_system:Skipping extension 'colcon_core.shell.bat': Not used on non-Windows systems
[0.652s] INFO:colcon.colcon_core.shell:Creating environment hook '/mnt/c/Users/zuriy/Documents/bwsi-uav-good/flying_squirrels_architecture/install/drone_control/share/drone_control/hook/ament_prefix_path.ps1'
[0.678s] INFO:colcon.colcon_core.shell:Creating environment descriptor '/mnt/c/Users/zuriy/Documents/bwsi-uav-good/flying_squirrels_architecture/install/drone_control/share/drone_control/hook/ament_prefix_path.dsv'
[0.700s] INFO:colcon.colcon_core.shell:Creating environment hook '/mnt/c/Users/zuriy/Documents/bwsi-uav-good/flying_squirrels_architecture/install/drone_control/share/drone_control/hook/ament_prefix_path.sh'
[0.720s] INFO:colcon.colcon_core.shell:Skip shell extension 'powershell' for command environment: Not usable outside of PowerShell
[0.721s] DEBUG:colcon.colcon_core.shell:Skip shell extension 'dsv' for command environment
[1.139s] INFO:colcon.colcon_core.task.python.build:Building Python package in '/mnt/c/Users/zuriy/Documents/bwsi-uav-good/flying_squirrels_architecture/src/drone_control'
[1.140s] INFO:colcon.colcon_core.shell:Skip shell extension 'powershell' for command environment: Not usable outside of PowerShell
[1.140s] DEBUG:colcon.colcon_core.shell:Skip shell extension 'dsv' for command environment
[3.882s] DEBUG:colcon.colcon_core.event_handler.log_command:Invoking command in '/mnt/c/Users/zuriy/Documents/bwsi-uav-good/flying_squirrels_architecture/src/drone_control': PYTHONPATH=/mnt/c/Users/zuriy/Documents/bwsi-uav-good/flying_squirrels_architecture/build/drone_control/prefix_override:/home/zuri2102/.local/lib/python3.10/site-packages/colcon_core/task/python/colcon_distutils_commands:/mnt/c/Users/zuriy/Documents/bwsi-uav-good/flying_squirrels_architecture/install/drone_control/lib/python3.10/site-packages:${PYTHONPATH} /usr/bin/python3 -W ignore:setup.py install is deprecated setup.py egg_info --egg-base ../../build/drone_control build --build-base /mnt/c/Users/zuriy/Documents/bwsi-uav-good/flying_squirrels_architecture/build/drone_control/build install --record /mnt/c/Users/zuriy/Documents/bwsi-uav-good/flying_squirrels_architecture/build/drone_control/install.log --single-version-externally-managed install_data
[7.138s] DEBUG:colcon.colcon_core.event_handler.log_command:Invoked command in '/mnt/c/Users/zuriy/Documents/bwsi-uav-good/flying_squirrels_architecture/src/drone_control' returned '0': PYTHONPATH=/mnt/c/Users/zuriy/Documents/bwsi-uav-good/flying_squirrels_architecture/build/drone_control/prefix_override:/home/zuri2102/.local/lib/python3.10/site-packages/colcon_core/task/python/colcon_distutils_commands:/mnt/c/Users/zuriy/Documents/bwsi-uav-good/flying_squirrels_architecture/install/drone_control/lib/python3.10/site-packages:${PYTHONPATH} /usr/bin/python3 -W ignore:setup.py install is deprecated setup.py egg_info --egg-base ../../build/drone_control build --build-base /mnt/c/Users/zuriy/Documents/bwsi-uav-good/flying_squirrels_architecture/build/drone_control/build install --record /mnt/c/Users/zuriy/Documents/bwsi-uav-good/flying_squirrels_architecture/build/drone_control/install.log --single-version-externally-managed install_data
[7.148s] Level 1:colcon.colcon_core.environment:checking '/mnt/c/Users/zuriy/Documents/bwsi-uav-good/flying_squirrels_architecture/install/drone_control' for CMake module files
[7.196s] Level 1:colcon.colcon_core.environment:checking '/mnt/c/Users/zuriy/Documents/bwsi-uav-good/flying_squirrels_architecture/install/drone_control' for CMake config files
[7.346s] Level 1:colcon.colcon_core.environment:checking '/mnt/c/Users/zuriy/Documents/bwsi-uav-good/flying_squirrels_architecture/install/drone_control/lib'
[7.354s] Level 1:colcon.colcon_core.environment:checking '/mnt/c/Users/zuriy/Documents/bwsi-uav-good/flying_squirrels_architecture/install/drone_control/bin'
[7.356s] Level 1:colcon.colcon_core.environment:checking '/mnt/c/Users/zuriy/Documents/bwsi-uav-good/flying_squirrels_architecture/install/drone_control/lib/pkgconfig/drone_control.pc'
[7.358s] Level 1:colcon.colcon_core.environment:checking '/mnt/c/Users/zuriy/Documents/bwsi-uav-good/flying_squirrels_architecture/install/drone_control/lib/python3.10/site-packages'
[7.364s] Level 1:colcon.colcon_core.shell:create_environment_hook('drone_control', 'pythonpath')
[7.364s] INFO:colcon.colcon_core.shell:Creating environment hook '/mnt/c/Users/zuriy/Documents/bwsi-uav-good/flying_squirrels_architecture/install/drone_control/share/drone_control/hook/pythonpath.ps1'
[7.405s] INFO:colcon.colcon_core.shell:Creating environment descriptor '/mnt/c/Users/zuriy/Documents/bwsi-uav-good/flying_squirrels_architecture/install/drone_control/share/drone_control/hook/pythonpath.dsv'
[7.448s] INFO:colcon.colcon_core.shell:Creating environment hook '/mnt/c/Users/zuriy/Documents/bwsi-uav-good/flying_squirrels_architecture/install/drone_control/share/drone_control/hook/pythonpath.sh'
[7.483s] Level 1:colcon.colcon_core.environment:checking '/mnt/c/Users/zuriy/Documents/bwsi-uav-good/flying_squirrels_architecture/install/drone_control/bin'
[7.487s] Level 1:colcon.colcon_core.environment:create_environment_scripts_only(drone_control)
[7.489s] INFO:colcon.colcon_core.shell:Creating package script '/mnt/c/Users/zuriy/Documents/bwsi-uav-good/flying_squirrels_architecture/install/drone_control/share/drone_control/package.ps1'
[7.519s] INFO:colcon.colcon_core.shell:Creating package descriptor '/mnt/c/Users/zuriy/Documents/bwsi-uav-good/flying_squirrels_architecture/install/drone_control/share/drone_control/package.dsv'
[7.543s] INFO:colcon.colcon_core.shell:Creating package script '/mnt/c/Users/zuriy/Documents/bwsi-uav-good/flying_squirrels_architecture/install/drone_control/share/drone_control/package.sh'
[7.562s] INFO:colcon.colcon_core.shell:Creating package script '/mnt/c/Users/zuriy/Documents/bwsi-uav-good/flying_squirrels_architecture/install/drone_control/share/drone_control/package.bash'
[7.580s] INFO:colcon.colcon_core.shell:Creating package script '/mnt/c/Users/zuriy/Documents/bwsi-uav-good/flying_squirrels_architecture/install/drone_control/share/drone_control/package.zsh'
[7.598s] Level 1:colcon.colcon_core.environment:create_file_with_runtime_dependencies(/mnt/c/Users/zuriy/Documents/bwsi-uav-good/flying_squirrels_architecture/install/drone_control/share/colcon-core/packages/drone_control)
[7.617s] DEBUG:colcon.colcon_parallel_executor.executor.parallel:closing loop
[7.619s] DEBUG:colcon.colcon_parallel_executor.executor.parallel:loop closed
[7.620s] DEBUG:colcon.colcon_parallel_executor.executor.parallel:run_until_complete finished with '0'
[7.621s] DEBUG:colcon.colcon_core.event_reactor:joining thread
[7.646s] INFO:colcon.colcon_core.plugin_system:Skipping extension 'colcon_notification.desktop_notification.terminal_notifier': Not used on non-Darwin systems
[7.650s] INFO:colcon.colcon_core.plugin_system:Skipping extension 'colcon_notification.desktop_notification.win32': Not used on non-Windows systems
[7.651s] INFO:colcon.colcon_notification.desktop_notification:Sending desktop notification using 'notify2'
[7.652s] DEBUG:colcon.colcon_notification.desktop_notification.notify2:Failed to initialize notify2: org.freedesktop.DBus.Error.AccessDenied: Failed to connect to socket /run/user/1000/bus: Permission denied
[7.653s] DEBUG:colcon.colcon_core.event_reactor:joined thread
[7.654s] INFO:colcon.colcon_core.shell:Creating prefix script '/mnt/c/Users/zuriy/Documents/bwsi-uav-good/flying_squirrels_architecture/install/local_setup.ps1'
[7.661s] INFO:colcon.colcon_core.shell:Creating prefix util module '/mnt/c/Users/zuriy/Documents/bwsi-uav-good/flying_squirrels_architecture/install/_local_setup_util_ps1.py'
[7.670s] INFO:colcon.colcon_core.shell:Creating prefix chain script '/mnt/c/Users/zuriy/Documents/bwsi-uav-good/flying_squirrels_architecture/install/setup.ps1'
[7.678s] INFO:colcon.colcon_core.shell:Creating prefix script '/mnt/c/Users/zuriy/Documents/bwsi-uav-good/flying_squirrels_architecture/install/local_setup.sh'
[7.686s] INFO:colcon.colcon_core.shell:Creating prefix util module '/mnt/c/Users/zuriy/Documents/bwsi-uav-good/flying_squirrels_architecture/install/_local_setup_util_sh.py'
[7.692s] INFO:colcon.colcon_core.shell:Creating prefix chain script '/mnt/c/Users/zuriy/Documents/bwsi-uav-good/flying_squirrels_architecture/install/setup.sh'
[7.700s] INFO:colcon.colcon_core.shell:Creating prefix script '/mnt/c/Users/zuriy/Documents/bwsi-uav-good/flying_squirrels_architecture/install/local_setup.bash'
[7.711s] INFO:colcon.colcon_core.shell:Creating prefix chain script '/mnt/c/Users/zuriy/Documents/bwsi-uav-good/flying_squirrels_architecture/install/setup.bash'
[7.721s] INFO:colcon.colcon_core.shell:Creating prefix script '/mnt/c/Users/zuriy/Documents/bwsi-uav-good/flying_squirrels_architecture/install/local_setup.zsh'
[7.728s] INFO:colcon.colcon_core.shell:Creating prefix chain script '/mnt/c/Users/zuriy/Documents/bwsi-uav-good/flying_squirrels_architecture/install/setup.zsh'
