[0.552s] DEBUG:colcon:Command line arguments: ['/home/zuri2102/.local/bin/colcon', 'build']
[0.553s] DEBUG:colcon:Parsed command line arguments: Namespace(log_base=None, log_level=None, verb_name='build', build_base='build', install_base='install', merge_install=False, symlink_install=False, test_result_base=None, continue_on_error=False, executor='parallel', parallel_workers=22, event_handlers=None, ignore_user_meta=False, metas=['./colcon.meta'], base_paths=['.'], packages_ignore=None, packages_ignore_regex=None, paths=None, packages_up_to=None, packages_up_to_regex=None, packages_above=None, packages_above_and_dependencies=None, packages_above_depth=None, packages_select_by_dep=None, packages_skip_by_dep=None, packages_skip_up_to=None, packages_select_build_failed=False, packages_skip_build_finished=False, packages_select_test_failures=False, packages_skip_test_passed=False, packages_select=None, packages_skip=None, packages_select_regex=None, packages_skip_regex=None, packages_start=None, packages_end=None, cmake_args=None, cmake_target=None, cmake_target_skip_unavailable=False, cmake_clean_cache=False, cmake_clean_first=False, cmake_force_configure=False, ament_cmake_args=None, catkin_cmake_args=None, catkin_skip_building_tests=False, verb_parser=<colcon_defaults.argument_parser.defaults.DefaultArgumentsDecorator object at 0x7f3c92d5bb50>, verb_extension=<colcon_core.verb.build.BuildVerb object at 0x7f3c92c98dc0>, main=<bound method BuildVerb.main of <colcon_core.verb.build.BuildVerb object at 0x7f3c92c98dc0>>)
[0.618s] Level 1:colcon.colcon_core.package_discovery:discover_packages(colcon_meta) check parameters
[0.619s] Level 1:colcon.colcon_core.package_discovery:discover_packages(recursive) check parameters
[0.619s] Level 1:colcon.colcon_core.package_discovery:discover_packages(ignore) check parameters
[0.619s] Level 1:colcon.colcon_core.package_discovery:discover_packages(path) check parameters
[0.620s] Level 1:colcon.colcon_core.package_discovery:discover_packages(colcon_meta) discover
[0.620s] Level 1:colcon.colcon_core.package_discovery:discover_packages(recursive) discover
[0.620s] INFO:colcon.colcon_core.package_discovery:Crawling recursively for packages in '/mnt/c/Users/zuriy/Documents/bwsi-uav-good/flying_squirrels_architecture'
[0.622s] Level 1:colcon.colcon_core.package_identification:_identify(.) by extensions ['ignore', 'ignore_ament_install']
[0.622s] Level 1:colcon.colcon_core.package_identification:_identify(.) by extension 'ignore'
[0.623s] Level 1:colcon.colcon_core.package_identification:_identify(.) by extension 'ignore_ament_install'
[0.623s] Level 1:colcon.colcon_core.package_identification:_identify(.) by extensions ['colcon_pkg']
[0.623s] Level 1:colcon.colcon_core.package_identification:_identify(.) by extension 'colcon_pkg'
[0.623s] Level 1:colcon.colcon_core.package_identification:_identify(.) by extensions ['colcon_meta']
[0.623s] Level 1:colcon.colcon_core.package_identification:_identify(.) by extension 'colcon_meta'
[0.624s] Level 1:colcon.colcon_core.package_identification:_identify(.) by extensions ['ros']
[0.624s] Level 1:colcon.colcon_core.package_identification:_identify(.) by extension 'ros'
[0.646s] Level 1:colcon.colcon_core.package_identification:_identify(.) by extensions ['cmake', 'python']
[0.646s] Level 1:colcon.colcon_core.package_identification:_identify(.) by extension 'cmake'
[0.646s] Level 1:colcon.colcon_core.package_identification:_identify(.) by extension 'python'
[0.647s] Level 1:colcon.colcon_core.package_identification:_identify(.) by extensions ['python_setup_py']
[0.647s] Level 1:colcon.colcon_core.package_identification:_identify(.) by extension 'python_setup_py'
[0.649s] Level 1:colcon.colcon_core.package_identification:_identify(build) by extensions ['ignore', 'ignore_ament_install']
[0.649s] Level 1:colcon.colcon_core.package_identification:_identify(build) by extension 'ignore'
[0.650s] Level 1:colcon.colcon_core.package_identification:_identify(build) ignored
[0.652s] Level 1:colcon.colcon_core.package_identification:_identify(install) by extensions ['ignore', 'ignore_ament_install']
[0.653s] Level 1:colcon.colcon_core.package_identification:_identify(install) by extension 'ignore'
[0.653s] Level 1:colcon.colcon_core.package_identification:_identify(install) ignored
[0.658s] Level 1:colcon.colcon_core.package_identification:_identify(log) by extensions ['ignore', 'ignore_ament_install']
[0.658s] Level 1:colcon.colcon_core.package_identification:_identify(log) by extension 'ignore'
[0.659s] Level 1:colcon.colcon_core.package_identification:_identify(log) ignored
[0.661s] Level 1:colcon.colcon_core.package_identification:_identify(src) by extensions ['ignore', 'ignore_ament_install']
[0.661s] Level 1:colcon.colcon_core.package_identification:_identify(src) by extension 'ignore'
[0.662s] Level 1:colcon.colcon_core.package_identification:_identify(src) by extension 'ignore_ament_install'
[0.664s] Level 1:colcon.colcon_core.package_identification:_identify(src) by extensions ['colcon_pkg']
[0.664s] Level 1:colcon.colcon_core.package_identification:_identify(src) by extension 'colcon_pkg'
[0.665s] Level 1:colcon.colcon_core.package_identification:_identify(src) by extensions ['colcon_meta']
[0.665s] Level 1:colcon.colcon_core.package_identification:_identify(src) by extension 'colcon_meta'
[0.666s] Level 1:colcon.colcon_core.package_identification:_identify(src) by extensions ['ros']
[0.666s] Level 1:colcon.colcon_core.package_identification:_identify(src) by extension 'ros'
[0.669s] Level 1:colcon.colcon_core.package_identification:_identify(src) by extensions ['cmake', 'python']
[0.669s] Level 1:colcon.colcon_core.package_identification:_identify(src) by extension 'cmake'
[0.670s] Level 1:colcon.colcon_core.package_identification:_identify(src) by extension 'python'
[0.671s] Level 1:colcon.colcon_core.package_identification:_identify(src) by extensions ['python_setup_py']
[0.671s] Level 1:colcon.colcon_core.package_identification:_identify(src) by extension 'python_setup_py'
[0.676s] Level 1:colcon.colcon_core.package_identification:_identify(src/drone_control) by extensions ['ignore', 'ignore_ament_install']
[0.676s] Level 1:colcon.colcon_core.package_identification:_identify(src/drone_control) by extension 'ignore'
[0.677s] Level 1:colcon.colcon_core.package_identification:_identify(src/drone_control) by extension 'ignore_ament_install'
[0.678s] Level 1:colcon.colcon_core.package_identification:_identify(src/drone_control) by extensions ['colcon_pkg']
[0.679s] Level 1:colcon.colcon_core.package_identification:_identify(src/drone_control) by extension 'colcon_pkg'
[0.680s] Level 1:colcon.colcon_core.package_identification:_identify(src/drone_control) by extensions ['colcon_meta']
[0.680s] Level 1:colcon.colcon_core.package_identification:_identify(src/drone_control) by extension 'colcon_meta'
[0.681s] Level 1:colcon.colcon_core.package_identification:_identify(src/drone_control) by extensions ['ros']
[0.682s] Level 1:colcon.colcon_core.package_identification:_identify(src/drone_control) by extension 'ros'
[0.694s] DEBUG:colcon.colcon_core.package_identification:Package 'src/drone_control' with type 'ros.ament_python' and name 'drone_control'
[0.697s] Level 1:colcon.colcon_core.package_identification:_identify(src/drone_sensing) by extensions ['ignore', 'ignore_ament_install']
[0.697s] Level 1:colcon.colcon_core.package_identification:_identify(src/drone_sensing) by extension 'ignore'
[0.698s] Level 1:colcon.colcon_core.package_identification:_identify(src/drone_sensing) by extension 'ignore_ament_install'
[0.700s] Level 1:colcon.colcon_core.package_identification:_identify(src/drone_sensing) by extensions ['colcon_pkg']
[0.700s] Level 1:colcon.colcon_core.package_identification:_identify(src/drone_sensing) by extension 'colcon_pkg'
[0.701s] Level 1:colcon.colcon_core.package_identification:_identify(src/drone_sensing) by extensions ['colcon_meta']
[0.702s] Level 1:colcon.colcon_core.package_identification:_identify(src/drone_sensing) by extension 'colcon_meta'
[0.703s] Level 1:colcon.colcon_core.package_identification:_identify(src/drone_sensing) by extensions ['ros']
[0.703s] Level 1:colcon.colcon_core.package_identification:_identify(src/drone_sensing) by extension 'ros'
[0.713s] DEBUG:colcon.colcon_core.package_identification:Package 'src/drone_sensing' with type 'ros.ament_python' and name 'drone_sensing'
[0.713s] Level 1:colcon.colcon_core.package_discovery:discover_packages(recursive) using defaults
[0.713s] Level 1:colcon.colcon_core.package_discovery:discover_packages(ignore) discover
[0.714s] Level 1:colcon.colcon_core.package_discovery:discover_packages(ignore) using defaults
[0.714s] Level 1:colcon.colcon_core.package_discovery:discover_packages(path) discover
[0.714s] Level 1:colcon.colcon_core.package_discovery:discover_packages(path) using defaults
[0.794s] Level 5:colcon.colcon_core.verb:set package 'drone_control' build argument 'cmake_args' from command line to 'None'
[0.794s] Level 5:colcon.colcon_core.verb:set package 'drone_control' build argument 'cmake_target' from command line to 'None'
[0.795s] Level 5:colcon.colcon_core.verb:set package 'drone_control' build argument 'cmake_target_skip_unavailable' from command line to 'False'
[0.795s] Level 5:colcon.colcon_core.verb:set package 'drone_control' build argument 'cmake_clean_cache' from command line to 'False'
[0.795s] Level 5:colcon.colcon_core.verb:set package 'drone_control' build argument 'cmake_clean_first' from command line to 'False'
[0.795s] Level 5:colcon.colcon_core.verb:set package 'drone_control' build argument 'cmake_force_configure' from command line to 'False'
[0.795s] Level 5:colcon.colcon_core.verb:set package 'drone_control' build argument 'ament_cmake_args' from command line to 'None'
[0.795s] Level 5:colcon.colcon_core.verb:set package 'drone_control' build argument 'catkin_cmake_args' from command line to 'None'
[0.796s] Level 5:colcon.colcon_core.verb:set package 'drone_control' build argument 'catkin_skip_building_tests' from command line to 'False'
[0.796s] DEBUG:colcon.colcon_core.verb:Building package 'drone_control' with the following arguments: {'ament_cmake_args': None, 'build_base': '/mnt/c/Users/zuriy/Documents/bwsi-uav-good/flying_squirrels_architecture/build/drone_control', 'catkin_cmake_args': None, 'catkin_skip_building_tests': False, 'cmake_args': None, 'cmake_clean_cache': False, 'cmake_clean_first': False, 'cmake_force_configure': False, 'cmake_target': None, 'cmake_target_skip_unavailable': False, 'install_base': '/mnt/c/Users/zuriy/Documents/bwsi-uav-good/flying_squirrels_architecture/install/drone_control', 'merge_install': False, 'path': '/mnt/c/Users/zuriy/Documents/bwsi-uav-good/flying_squirrels_architecture/src/drone_control', 'symlink_install': False, 'test_result_base': None}
[0.796s] Level 5:colcon.colcon_core.verb:set package 'drone_sensing' build argument 'cmake_args' from command line to 'None'
[0.796s] Level 5:colcon.colcon_core.verb:set package 'drone_sensing' build argument 'cmake_target' from command line to 'None'
[0.796s] Level 5:colcon.colcon_core.verb:set package 'drone_sensing' build argument 'cmake_target_skip_unavailable' from command line to 'False'
[0.796s] Level 5:colcon.colcon_core.verb:set package 'drone_sensing' build argument 'cmake_clean_cache' from command line to 'False'
[0.797s] Level 5:colcon.colcon_core.verb:set package 'drone_sensing' build argument 'cmake_clean_first' from command line to 'False'
[0.797s] Level 5:colcon.colcon_core.verb:set package 'drone_sensing' build argument 'cmake_force_configure' from command line to 'False'
[0.797s] Level 5:colcon.colcon_core.verb:set package 'drone_sensing' build argument 'ament_cmake_args' from command line to 'None'
[0.797s] Level 5:colcon.colcon_core.verb:set package 'drone_sensing' build argument 'catkin_cmake_args' from command line to 'None'
[0.797s] Level 5:colcon.colcon_core.verb:set package 'drone_sensing' build argument 'catkin_skip_building_tests' from command line to 'False'
[0.797s] DEBUG:colcon.colcon_core.verb:Building package 'drone_sensing' with the following arguments: {'ament_cmake_args': None, 'build_base': '/mnt/c/Users/zuriy/Documents/bwsi-uav-good/flying_squirrels_architecture/build/drone_sensing', 'catkin_cmake_args': None, 'catkin_skip_building_tests': False, 'cmake_args': None, 'cmake_clean_cache': False, 'cmake_clean_first': False, 'cmake_force_configure': False, 'cmake_target': None, 'cmake_target_skip_unavailable': False, 'install_base': '/mnt/c/Users/zuriy/Documents/bwsi-uav-good/flying_squirrels_architecture/install/drone_sensing', 'merge_install': False, 'path': '/mnt/c/Users/zuriy/Documents/bwsi-uav-good/flying_squirrels_architecture/src/drone_sensing', 'symlink_install': False, 'test_result_base': None}
[0.798s] INFO:colcon.colcon_core.executor:Executing jobs using 'parallel' executor
[0.799s] DEBUG:colcon.colcon_parallel_executor.executor.parallel:run_until_complete
[0.799s] INFO:colcon.colcon_ros.task.ament_python.build:Building ROS package in '/mnt/c/Users/zuriy/Documents/bwsi-uav-good/flying_squirrels_architecture/src/drone_control' with build type 'ament_python'
[0.800s] Level 1:colcon.colcon_core.shell:create_environment_hook('drone_control', 'ament_prefix_path')
[0.812s] INFO:colcon.colcon_core.plugin_system:Skipping extension 'colcon_core.shell.bat': Not used on non-Windows systems
[0.812s] INFO:colcon.colcon_core.shell:Creating environment hook '/mnt/c/Users/zuriy/Documents/bwsi-uav-good/flying_squirrels_architecture/install/drone_control/share/drone_control/hook/ament_prefix_path.ps1'
[0.826s] INFO:colcon.colcon_core.shell:Creating environment descriptor '/mnt/c/Users/zuriy/Documents/bwsi-uav-good/flying_squirrels_architecture/install/drone_control/share/drone_control/hook/ament_prefix_path.dsv'
[0.837s] INFO:colcon.colcon_core.shell:Creating environment hook '/mnt/c/Users/zuriy/Documents/bwsi-uav-good/flying_squirrels_architecture/install/drone_control/share/drone_control/hook/ament_prefix_path.sh'
[0.849s] INFO:colcon.colcon_core.shell:Skip shell extension 'powershell' for command environment: Not usable outside of PowerShell
[0.849s] DEBUG:colcon.colcon_core.shell:Skip shell extension 'dsv' for command environment
[0.896s] INFO:colcon.colcon_ros.task.ament_python.build:Building ROS package in '/mnt/c/Users/zuriy/Documents/bwsi-uav-good/flying_squirrels_architecture/src/drone_sensing' with build type 'ament_python'
[0.897s] Level 1:colcon.colcon_core.shell:create_environment_hook('drone_sensing', 'ament_prefix_path')
[0.899s] INFO:colcon.colcon_core.shell:Creating environment hook '/mnt/c/Users/zuriy/Documents/bwsi-uav-good/flying_squirrels_architecture/install/drone_sensing/share/drone_sensing/hook/ament_prefix_path.ps1'
[0.915s] INFO:colcon.colcon_core.shell:Creating environment descriptor '/mnt/c/Users/zuriy/Documents/bwsi-uav-good/flying_squirrels_architecture/install/drone_sensing/share/drone_sensing/hook/ament_prefix_path.dsv'
[0.929s] INFO:colcon.colcon_core.shell:Creating environment hook '/mnt/c/Users/zuriy/Documents/bwsi-uav-good/flying_squirrels_architecture/install/drone_sensing/share/drone_sensing/hook/ament_prefix_path.sh'
[0.942s] INFO:colcon.colcon_core.shell:Skip shell extension 'powershell' for command environment: Not usable outside of PowerShell
[0.942s] DEBUG:colcon.colcon_core.shell:Skip shell extension 'dsv' for command environment
[1.804s] INFO:colcon.colcon_core.task.python.build:Building Python package in '/mnt/c/Users/zuriy/Documents/bwsi-uav-good/flying_squirrels_architecture/src/drone_control'
[1.805s] INFO:colcon.colcon_core.shell:Skip shell extension 'powershell' for command environment: Not usable outside of PowerShell
[1.805s] DEBUG:colcon.colcon_core.shell:Skip shell extension 'dsv' for command environment
[2.581s] INFO:colcon.colcon_core.task.python.build:Building Python package in '/mnt/c/Users/zuriy/Documents/bwsi-uav-good/flying_squirrels_architecture/src/drone_sensing'
[2.582s] INFO:colcon.colcon_core.shell:Skip shell extension 'powershell' for command environment: Not usable outside of PowerShell
[2.582s] DEBUG:colcon.colcon_core.shell:Skip shell extension 'dsv' for command environment
[4.209s] DEBUG:colcon.colcon_core.event_handler.log_command:Invoking command in '/mnt/c/Users/zuriy/Documents/bwsi-uav-good/flying_squirrels_architecture/src/drone_control': PYTHONPATH=/mnt/c/Users/zuriy/Documents/bwsi-uav-good/flying_squirrels_architecture/build/drone_control/prefix_override:/home/zuri2102/.local/lib/python3.10/site-packages/colcon_core/task/python/colcon_distutils_commands:/mnt/c/Users/zuriy/Documents/bwsi-uav-good/flying_squirrels_architecture/install/drone_control/lib/python3.10/site-packages:${PYTHONPATH} /usr/bin/python3 -W ignore:setup.py install is deprecated setup.py egg_info --egg-base ../../build/drone_control build --build-base /mnt/c/Users/zuriy/Documents/bwsi-uav-good/flying_squirrels_architecture/build/drone_control/build install --record /mnt/c/Users/zuriy/Documents/bwsi-uav-good/flying_squirrels_architecture/build/drone_control/install.log --single-version-externally-managed install_data
[4.253s] DEBUG:colcon.colcon_core.event_handler.log_command:Invoking command in '/mnt/c/Users/zuriy/Documents/bwsi-uav-good/flying_squirrels_architecture/src/drone_sensing': PYTHONPATH=/mnt/c/Users/zuriy/Documents/bwsi-uav-good/flying_squirrels_architecture/build/drone_sensing/prefix_override:/home/zuri2102/.local/lib/python3.10/site-packages/colcon_core/task/python/colcon_distutils_commands:/mnt/c/Users/zuriy/Documents/bwsi-uav-good/flying_squirrels_architecture/install/drone_sensing/lib/python3.10/site-packages:${PYTHONPATH} /usr/bin/python3 -W ignore:setup.py install is deprecated setup.py egg_info --egg-base ../../build/drone_sensing build --build-base /mnt/c/Users/zuriy/Documents/bwsi-uav-good/flying_squirrels_architecture/build/drone_sensing/build install --record /mnt/c/Users/zuriy/Documents/bwsi-uav-good/flying_squirrels_architecture/build/drone_sensing/install.log --single-version-externally-managed install_data
[6.442s] DEBUG:colcon.colcon_core.event_handler.log_command:Invoked command in '/mnt/c/Users/zuriy/Documents/bwsi-uav-good/flying_squirrels_architecture/src/drone_control' returned '0': PYTHONPATH=/mnt/c/Users/zuriy/Documents/bwsi-uav-good/flying_squirrels_architecture/build/drone_control/prefix_override:/home/zuri2102/.local/lib/python3.10/site-packages/colcon_core/task/python/colcon_distutils_commands:/mnt/c/Users/zuriy/Documents/bwsi-uav-good/flying_squirrels_architecture/install/drone_control/lib/python3.10/site-packages:${PYTHONPATH} /usr/bin/python3 -W ignore:setup.py install is deprecated setup.py egg_info --egg-base ../../build/drone_control build --build-base /mnt/c/Users/zuriy/Documents/bwsi-uav-good/flying_squirrels_architecture/build/drone_control/build install --record /mnt/c/Users/zuriy/Documents/bwsi-uav-good/flying_squirrels_architecture/build/drone_control/install.log --single-version-externally-managed install_data
[6.453s] Level 1:colcon.colcon_core.environment:checking '/mnt/c/Users/zuriy/Documents/bwsi-uav-good/flying_squirrels_architecture/install/drone_control' for CMake module files
[6.494s] Level 1:colcon.colcon_core.environment:checking '/mnt/c/Users/zuriy/Documents/bwsi-uav-good/flying_squirrels_architecture/install/drone_control' for CMake config files
[6.594s] Level 1:colcon.colcon_core.environment:checking '/mnt/c/Users/zuriy/Documents/bwsi-uav-good/flying_squirrels_architecture/install/drone_control/lib'
[6.600s] Level 1:colcon.colcon_core.environment:checking '/mnt/c/Users/zuriy/Documents/bwsi-uav-good/flying_squirrels_architecture/install/drone_control/bin'
[6.602s] Level 1:colcon.colcon_core.environment:checking '/mnt/c/Users/zuriy/Documents/bwsi-uav-good/flying_squirrels_architecture/install/drone_control/lib/pkgconfig/drone_control.pc'
[6.604s] Level 1:colcon.colcon_core.environment:checking '/mnt/c/Users/zuriy/Documents/bwsi-uav-good/flying_squirrels_architecture/install/drone_control/lib/python3.10/site-packages'
[6.607s] Level 1:colcon.colcon_core.shell:create_environment_hook('drone_control', 'pythonpath')
[6.608s] INFO:colcon.colcon_core.shell:Creating environment hook '/mnt/c/Users/zuriy/Documents/bwsi-uav-good/flying_squirrels_architecture/install/drone_control/share/drone_control/hook/pythonpath.ps1'
[6.625s] INFO:colcon.colcon_core.shell:Creating environment descriptor '/mnt/c/Users/zuriy/Documents/bwsi-uav-good/flying_squirrels_architecture/install/drone_control/share/drone_control/hook/pythonpath.dsv'
[6.640s] INFO:colcon.colcon_core.shell:Creating environment hook '/mnt/c/Users/zuriy/Documents/bwsi-uav-good/flying_squirrels_architecture/install/drone_control/share/drone_control/hook/pythonpath.sh'
[6.655s] Level 1:colcon.colcon_core.environment:checking '/mnt/c/Users/zuriy/Documents/bwsi-uav-good/flying_squirrels_architecture/install/drone_control/bin'
[6.659s] Level 1:colcon.colcon_core.environment:create_environment_scripts_only(drone_control)
[6.660s] INFO:colcon.colcon_core.shell:Creating package script '/mnt/c/Users/zuriy/Documents/bwsi-uav-good/flying_squirrels_architecture/install/drone_control/share/drone_control/package.ps1'
[6.710s] INFO:colcon.colcon_core.shell:Creating package descriptor '/mnt/c/Users/zuriy/Documents/bwsi-uav-good/flying_squirrels_architecture/install/drone_control/share/drone_control/package.dsv'
[6.730s] INFO:colcon.colcon_core.shell:Creating package script '/mnt/c/Users/zuriy/Documents/bwsi-uav-good/flying_squirrels_architecture/install/drone_control/share/drone_control/package.sh'
[6.744s] INFO:colcon.colcon_core.shell:Creating package script '/mnt/c/Users/zuriy/Documents/bwsi-uav-good/flying_squirrels_architecture/install/drone_control/share/drone_control/package.bash'
[6.768s] INFO:colcon.colcon_core.shell:Creating package script '/mnt/c/Users/zuriy/Documents/bwsi-uav-good/flying_squirrels_architecture/install/drone_control/share/drone_control/package.zsh'
[6.793s] Level 1:colcon.colcon_core.environment:create_file_with_runtime_dependencies(/mnt/c/Users/zuriy/Documents/bwsi-uav-good/flying_squirrels_architecture/install/drone_control/share/colcon-core/packages/drone_control)
[6.807s] Level 1:colcon.colcon_core.environment:checking '/mnt/c/Users/zuriy/Documents/bwsi-uav-good/flying_squirrels_architecture/install/drone_sensing' for CMake module files
[6.817s] DEBUG:colcon.colcon_core.event_handler.log_command:Invoked command in '/mnt/c/Users/zuriy/Documents/bwsi-uav-good/flying_squirrels_architecture/src/drone_sensing' returned '0': PYTHONPATH=/mnt/c/Users/zuriy/Documents/bwsi-uav-good/flying_squirrels_architecture/build/drone_sensing/prefix_override:/home/zuri2102/.local/lib/python3.10/site-packages/colcon_core/task/python/colcon_distutils_commands:/mnt/c/Users/zuriy/Documents/bwsi-uav-good/flying_squirrels_architecture/install/drone_sensing/lib/python3.10/site-packages:${PYTHONPATH} /usr/bin/python3 -W ignore:setup.py install is deprecated setup.py egg_info --egg-base ../../build/drone_sensing build --build-base /mnt/c/Users/zuriy/Documents/bwsi-uav-good/flying_squirrels_architecture/build/drone_sensing/build install --record /mnt/c/Users/zuriy/Documents/bwsi-uav-good/flying_squirrels_architecture/build/drone_sensing/install.log --single-version-externally-managed install_data
[6.876s] Level 1:colcon.colcon_core.environment:checking '/mnt/c/Users/zuriy/Documents/bwsi-uav-good/flying_squirrels_architecture/install/drone_sensing' for CMake config files
[6.947s] Level 1:colcon.colcon_core.environment:checking '/mnt/c/Users/zuriy/Documents/bwsi-uav-good/flying_squirrels_architecture/install/drone_sensing/lib'
[6.951s] Level 1:colcon.colcon_core.environment:checking '/mnt/c/Users/zuriy/Documents/bwsi-uav-good/flying_squirrels_architecture/install/drone_sensing/bin'
[6.952s] Level 1:colcon.colcon_core.environment:checking '/mnt/c/Users/zuriy/Documents/bwsi-uav-good/flying_squirrels_architecture/install/drone_sensing/lib/pkgconfig/drone_sensing.pc'
[6.954s] Level 1:colcon.colcon_core.environment:checking '/mnt/c/Users/zuriy/Documents/bwsi-uav-good/flying_squirrels_architecture/install/drone_sensing/lib/python3.10/site-packages'
[6.957s] Level 1:colcon.colcon_core.shell:create_environment_hook('drone_sensing', 'pythonpath')
[6.958s] INFO:colcon.colcon_core.shell:Creating environment hook '/mnt/c/Users/zuriy/Documents/bwsi-uav-good/flying_squirrels_architecture/install/drone_sensing/share/drone_sensing/hook/pythonpath.ps1'
[6.972s] INFO:colcon.colcon_core.shell:Creating environment descriptor '/mnt/c/Users/zuriy/Documents/bwsi-uav-good/flying_squirrels_architecture/install/drone_sensing/share/drone_sensing/hook/pythonpath.dsv'
[6.996s] INFO:colcon.colcon_core.shell:Creating environment hook '/mnt/c/Users/zuriy/Documents/bwsi-uav-good/flying_squirrels_architecture/install/drone_sensing/share/drone_sensing/hook/pythonpath.sh'
[7.008s] Level 1:colcon.colcon_core.environment:checking '/mnt/c/Users/zuriy/Documents/bwsi-uav-good/flying_squirrels_architecture/install/drone_sensing/bin'
[7.009s] Level 1:colcon.colcon_core.environment:create_environment_scripts_only(drone_sensing)
[7.009s] INFO:colcon.colcon_core.shell:Creating package script '/mnt/c/Users/zuriy/Documents/bwsi-uav-good/flying_squirrels_architecture/install/drone_sensing/share/drone_sensing/package.ps1'
[7.018s] INFO:colcon.colcon_core.shell:Creating package descriptor '/mnt/c/Users/zuriy/Documents/bwsi-uav-good/flying_squirrels_architecture/install/drone_sensing/share/drone_sensing/package.dsv'
[7.029s] INFO:colcon.colcon_core.shell:Creating package script '/mnt/c/Users/zuriy/Documents/bwsi-uav-good/flying_squirrels_architecture/install/drone_sensing/share/drone_sensing/package.sh'
[7.040s] INFO:colcon.colcon_core.shell:Creating package script '/mnt/c/Users/zuriy/Documents/bwsi-uav-good/flying_squirrels_architecture/install/drone_sensing/share/drone_sensing/package.bash'
[7.048s] INFO:colcon.colcon_core.shell:Creating package script '/mnt/c/Users/zuriy/Documents/bwsi-uav-good/flying_squirrels_architecture/install/drone_sensing/share/drone_sensing/package.zsh'
[7.061s] Level 1:colcon.colcon_core.environment:create_file_with_runtime_dependencies(/mnt/c/Users/zuriy/Documents/bwsi-uav-good/flying_squirrels_architecture/install/drone_sensing/share/colcon-core/packages/drone_sensing)
[7.070s] DEBUG:colcon.colcon_parallel_executor.executor.parallel:closing loop
[7.071s] DEBUG:colcon.colcon_parallel_executor.executor.parallel:loop closed
[7.072s] DEBUG:colcon.colcon_parallel_executor.executor.parallel:run_until_complete finished with '0'
[7.072s] DEBUG:colcon.colcon_core.event_reactor:joining thread
[7.098s] INFO:colcon.colcon_core.plugin_system:Skipping extension 'colcon_notification.desktop_notification.terminal_notifier': Not used on non-Darwin systems
[7.098s] INFO:colcon.colcon_core.plugin_system:Skipping extension 'colcon_notification.desktop_notification.win32': Not used on non-Windows systems
[7.098s] INFO:colcon.colcon_notification.desktop_notification:Sending desktop notification using 'notify2'
[7.099s] DEBUG:colcon.colcon_notification.desktop_notification.notify2:Failed to initialize notify2: org.freedesktop.DBus.Error.AccessDenied: Failed to connect to socket /run/user/1000/bus: Permission denied
[7.099s] DEBUG:colcon.colcon_core.event_reactor:joined thread
[7.100s] INFO:colcon.colcon_core.shell:Creating prefix script '/mnt/c/Users/zuriy/Documents/bwsi-uav-good/flying_squirrels_architecture/install/local_setup.ps1'
[7.106s] INFO:colcon.colcon_core.shell:Creating prefix util module '/mnt/c/Users/zuriy/Documents/bwsi-uav-good/flying_squirrels_architecture/install/_local_setup_util_ps1.py'
[7.115s] INFO:colcon.colcon_core.shell:Creating prefix chain script '/mnt/c/Users/zuriy/Documents/bwsi-uav-good/flying_squirrels_architecture/install/setup.ps1'
[7.134s] INFO:colcon.colcon_core.shell:Creating prefix script '/mnt/c/Users/zuriy/Documents/bwsi-uav-good/flying_squirrels_architecture/install/local_setup.sh'
[7.139s] INFO:colcon.colcon_core.shell:Creating prefix util module '/mnt/c/Users/zuriy/Documents/bwsi-uav-good/flying_squirrels_architecture/install/_local_setup_util_sh.py'
[7.142s] INFO:colcon.colcon_core.shell:Creating prefix chain script '/mnt/c/Users/zuriy/Documents/bwsi-uav-good/flying_squirrels_architecture/install/setup.sh'
[7.154s] INFO:colcon.colcon_core.shell:Creating prefix script '/mnt/c/Users/zuriy/Documents/bwsi-uav-good/flying_squirrels_architecture/install/local_setup.bash'
[7.158s] INFO:colcon.colcon_core.shell:Creating prefix chain script '/mnt/c/Users/zuriy/Documents/bwsi-uav-good/flying_squirrels_architecture/install/setup.bash'
[7.180s] INFO:colcon.colcon_core.shell:Creating prefix script '/mnt/c/Users/zuriy/Documents/bwsi-uav-good/flying_squirrels_architecture/install/local_setup.zsh'
[7.184s] INFO:colcon.colcon_core.shell:Creating prefix chain script '/mnt/c/Users/zuriy/Documents/bwsi-uav-good/flying_squirrels_architecture/install/setup.zsh'
