running egg_info
creating ../../build/drone_sensing/drone_sensing.egg-info
writing ../../build/drone_sensing/drone_sensing.egg-info/PKG-INFO
writing dependency_links to ../../build/drone_sensing/drone_sensing.egg-info/dependency_links.txt
writing requirements to ../../build/drone_sensing/drone_sensing.egg-info/requires.txt
writing top-level names to ../../build/drone_sensing/drone_sensing.egg-info/top_level.txt
writing manifest file '../../build/drone_sensing/drone_sensing.egg-info/SOURCES.txt'
reading manifest file '../../build/drone_sensing/drone_sensing.egg-info/SOURCES.txt'
writing manifest file '../../build/drone_sensing/drone_sensing.egg-info/SOURCES.txt'
running build
running build_py
creating /mnt/c/Users/zuriy/Documents/bwsi-uav-good/flying_squirrels_architecture/build/drone_sensing/build
creating /mnt/c/Users/zuriy/Documents/bwsi-uav-good/flying_squirrels_architecture/build/drone_sensing/build/lib
creating /mnt/c/Users/zuriy/Documents/bwsi-uav-good/flying_squirrels_architecture/build/drone_sensing/build/lib/drone_sensing
copying drone_sensing/__init__.py -> /mnt/c/Users/zuriy/Documents/bwsi-uav-good/flying_squirrels_architecture/build/drone_sensing/build/lib/drone_sensing
running install
running install_lib
creating /mnt/c/Users/zuriy/Documents/bwsi-uav-good/flying_squirrels_architecture/install/drone_sensing/lib/python3.10/site-packages/drone_sensing
copying /mnt/c/Users/zuriy/Documents/bwsi-uav-good/flying_squirrels_architecture/build/drone_sensing/build/lib/drone_sensing/__init__.py -> /mnt/c/Users/zuriy/Documents/bwsi-uav-good/flying_squirrels_architecture/install/drone_sensing/lib/python3.10/site-packages/drone_sensing
byte-compiling /mnt/c/Users/zuriy/Documents/bwsi-uav-good/flying_squirrels_architecture/install/drone_sensing/lib/python3.10/site-packages/drone_sensing/__init__.py to __init__.cpython-310.pyc
running install_data
creating /mnt/c/Users/zuriy/Documents/bwsi-uav-good/flying_squirrels_architecture/install/drone_sensing/share/ament_index
creating /mnt/c/Users/zuriy/Documents/bwsi-uav-good/flying_squirrels_architecture/install/drone_sensing/share/ament_index/resource_index
creating /mnt/c/Users/zuriy/Documents/bwsi-uav-good/flying_squirrels_architecture/install/drone_sensing/share/ament_index/resource_index/packages
copying resource/drone_sensing -> /mnt/c/Users/zuriy/Documents/bwsi-uav-good/flying_squirrels_architecture/install/drone_sensing/share/ament_index/resource_index/packages
copying package.xml -> /mnt/c/Users/zuriy/Documents/bwsi-uav-good/flying_squirrels_architecture/install/drone_sensing/share/drone_sensing
running install_egg_info
Copying ../../build/drone_sensing/drone_sensing.egg-info to /mnt/c/Users/zuriy/Documents/bwsi-uav-good/flying_squirrels_architecture/install/drone_sensing/lib/python3.10/site-packages/drone_sensing-0.0.0-py3.10.egg-info
running install_scripts
writing list of installed files to '/mnt/c/Users/zuriy/Documents/bwsi-uav-good/flying_squirrels_architecture/build/drone_sensing/install.log'
