[2.726s] Invoking command in '/mnt/c/Users/zuriy/Documents/bwsi-uav-good/flying_squirrels_architecture/src/drone_sensing': PYTHONPATH=/mnt/c/Users/zuriy/Documents/bwsi-uav-good/flying_squirrels_architecture/build/drone_sensing/prefix_override:/home/zuri2102/.local/lib/python3.10/site-packages/colcon_core/task/python/colcon_distutils_commands:/mnt/c/Users/zuriy/Documents/bwsi-uav-good/flying_squirrels_architecture/install/drone_sensing/lib/python3.10/site-packages:${PYTHONPATH} /usr/bin/python3 -W ignore:setup.py install is deprecated setup.py egg_info --egg-base ../../build/drone_sensing build --build-base /mnt/c/Users/zuriy/Documents/bwsi-uav-good/flying_squirrels_architecture/build/drone_sensing/build install --record /mnt/c/Users/zuriy/Documents/bwsi-uav-good/flying_squirrels_architecture/build/drone_sensing/install.log --single-version-externally-managed install_data
[3.771s] running egg_info
[3.775s] creating ../../build/drone_sensing/drone_sensing.egg-info
[3.798s] writing ../../build/drone_sensing/drone_sensing.egg-info/PKG-INFO
[3.828s] writing dependency_links to ../../build/drone_sensing/drone_sensing.egg-info/dependency_links.txt
[3.841s] writing requirements to ../../build/drone_sensing/drone_sensing.egg-info/requires.txt
[3.846s] writing top-level names to ../../build/drone_sensing/drone_sensing.egg-info/top_level.txt
[3.856s] writing manifest file '../../build/drone_sensing/drone_sensing.egg-info/SOURCES.txt'
[3.975s] reading manifest file '../../build/drone_sensing/drone_sensing.egg-info/SOURCES.txt'
[4.061s] writing manifest file '../../build/drone_sensing/drone_sensing.egg-info/SOURCES.txt'
[4.070s] running build
[4.074s] running build_py
[4.081s] creating /mnt/c/Users/zuriy/Documents/bwsi-uav-good/flying_squirrels_architecture/build/drone_sensing/build
[4.085s] creating /mnt/c/Users/zuriy/Documents/bwsi-uav-good/flying_squirrels_architecture/build/drone_sensing/build/lib
[4.089s] creating /mnt/c/Users/zuriy/Documents/bwsi-uav-good/flying_squirrels_architecture/build/drone_sensing/build/lib/drone_sensing
[4.104s] copying drone_sensing/__init__.py -> /mnt/c/Users/zuriy/Documents/bwsi-uav-good/flying_squirrels_architecture/build/drone_sensing/build/lib/drone_sensing
[4.128s] running install
[4.135s] running install_lib
[4.179s] creating /mnt/c/Users/zuriy/Documents/bwsi-uav-good/flying_squirrels_architecture/install/drone_sensing/lib/python3.10/site-packages/drone_sensing
[4.202s] copying /mnt/c/Users/zuriy/Documents/bwsi-uav-good/flying_squirrels_architecture/build/drone_sensing/build/lib/drone_sensing/__init__.py -> /mnt/c/Users/zuriy/Documents/bwsi-uav-good/flying_squirrels_architecture/install/drone_sensing/lib/python3.10/site-packages/drone_sensing
[4.253s] byte-compiling /mnt/c/Users/zuriy/Documents/bwsi-uav-good/flying_squirrels_architecture/install/drone_sensing/lib/python3.10/site-packages/drone_sensing/__init__.py to __init__.cpython-310.pyc
[4.305s] running install_data
[4.315s] creating /mnt/c/Users/zuriy/Documents/bwsi-uav-good/flying_squirrels_architecture/install/drone_sensing/share/ament_index
[4.319s] creating /mnt/c/Users/zuriy/Documents/bwsi-uav-good/flying_squirrels_architecture/install/drone_sensing/share/ament_index/resource_index
[4.325s] creating /mnt/c/Users/zuriy/Documents/bwsi-uav-good/flying_squirrels_architecture/install/drone_sensing/share/ament_index/resource_index/packages
[4.338s] copying resource/drone_sensing -> /mnt/c/Users/zuriy/Documents/bwsi-uav-good/flying_squirrels_architecture/install/drone_sensing/share/ament_index/resource_index/packages
[4.410s] copying package.xml -> /mnt/c/Users/zuriy/Documents/bwsi-uav-good/flying_squirrels_architecture/install/drone_sensing/share/drone_sensing
[4.436s] running install_egg_info
[4.486s] Copying ../../build/drone_sensing/drone_sensing.egg-info to /mnt/c/Users/zuriy/Documents/bwsi-uav-good/flying_squirrels_architecture/install/drone_sensing/lib/python3.10/site-packages/drone_sensing-0.0.0-py3.10.egg-info
[4.802s] running install_scripts
[5.196s] writing list of installed files to '/mnt/c/Users/zuriy/Documents/bwsi-uav-good/flying_squirrels_architecture/build/drone_sensing/install.log'
[5.235s] Invoked command in '/mnt/c/Users/zuriy/Documents/bwsi-uav-good/flying_squirrels_architecture/src/drone_sensing' returned '0': PYTHONPATH=/mnt/c/Users/zuriy/Documents/bwsi-uav-good/flying_squirrels_architecture/build/drone_sensing/prefix_override:/home/zuri2102/.local/lib/python3.10/site-packages/colcon_core/task/python/colcon_distutils_commands:/mnt/c/Users/zuriy/Documents/bwsi-uav-good/flying_squirrels_architecture/install/drone_sensing/lib/python3.10/site-packages:${PYTHONPATH} /usr/bin/python3 -W ignore:setup.py install is deprecated setup.py egg_info --egg-base ../../build/drone_sensing build --build-base /mnt/c/Users/zuriy/Documents/bwsi-uav-good/flying_squirrels_architecture/build/drone_sensing/build install --record /mnt/c/Users/zuriy/Documents/bwsi-uav-good/flying_squirrels_architecture/build/drone_sensing/install.log --single-version-externally-managed install_data
